# JRE version: Java(TM) SE Runtime Environment (8.0_11-b12) (build 1.8.0_11-b12)
# Java VM: Java HotSpot(TM) 64-Bit Server VM (25.11-b03 mixed mode windows-amd64 compressed oops)
Heap:
 PSYoungGen      total 52736K, used 15132K [0x00000000d5f80000, 0x00000000db100000, 0x0000000100000000)
  eden space 49152K, 23% used [0x00000000d5f80000,0x00000000d6ad0d18,0x00000000d8f80000)
  from space 3584K, 99% used [0x00000000d8f80000,0x00000000d92ffa10,0x00000000d9300000)
  to   space 7168K, 0% used [0x00000000daa00000,0x00000000daa00000,0x00000000db100000)
 ParOldGen       total 129536K, used 17701K [0x0000000081e00000, 0x0000000089c80000, 0x00000000d5f80000)
  object space 129536K, 13% used [0x0000000081e00000,0x0000000082f497d0,0x0000000089c80000)
 Metaspace       used 11985K, capacity 12371K, committed 12416K, reserved 1060864K
  class space    used 1257K, capacity 1366K, committed 1408K, reserved 1048576K
GC Heap History (10 events):
Event: 1.270 GC heap before
{Heap before GC invocations=13 (full 0):
 PSYoungGen      total 22528K, used 20640K [0x00000000d5f80000, 0x00000000d7a00000, 0x0000000100000000)
  eden space 18944K, 100% used [0x00000000d5f80000,0x00000000d7200000,0x00000000d7200000)
  from space 3584K, 47% used [0x00000000d7680000,0x00000000d7828000,0x00000000d7a00000)
  to   space 4096K, 0% used [0x00000000d7200000,0x00000000d7200000,0x00000000d7600000)
 ParOldGen       total 129536K, used 8875K [0x0000000081e00000, 0x0000000089c80000, 0x00000000d5f80000)
  object space 129536K, 6% used [0x0000000081e00000,0x00000000826aad60,0x0000000089c80000)
 Metaspace       used 11695K, capacity 12083K, committed 12160K, reserved 1060864K
  class space    used 1238K, capacity 1334K, committed 1408K, reserved 1048576K
Event: 1.270 GC heap after
Heap after GC invocations=13 (full 0):
 PSYoungGen      total 23040K, used 1184K [0x00000000d5f80000, 0x00000000d8580000, 0x0000000100000000)
  eden space 18944K, 0% used [0x00000000d5f80000,0x00000000d5f80000,0x00000000d7200000)
  from space 4096K, 28% used [0x00000000d7200000,0x00000000d7328000,0x00000000d7600000)
  to   space 4096K, 0% used [0x00000000d8180000,0x00000000d8180000,0x00000000d8580000)
 ParOldGen       total 129536K, used 9091K [0x0000000081e00000, 0x0000000089c80000, 0x00000000d5f80000)
  object space 129536K, 7% used [0x0000000081e00000,0x00000000826e0d60,0x0000000089c80000)
 Metaspace       used 11695K, capacity 12083K, committed 12160K, reserved 1060864K
  class space    used 1238K, capacity 1334K, committed 1408K, reserved 1048576K
}
Event: 1.314 GC heap before
{Heap before GC invocations=14 (full 0):
 PSYoungGen      total 23040K, used 20128K [0x00000000d5f80000, 0x00000000d8580000, 0x0000000100000000)
  eden space 18944K, 100% used [0x00000000d5f80000,0x00000000d7200000,0x00000000d7200000)
  from space 4096K, 28% used [0x00000000d7200000,0x00000000d7328000,0x00000000d7600000)
  to   space 4096K, 0% used [0x00000000d8180000,0x00000000d8180000,0x00000000d8580000)
 ParOldGen       total 129536K, used 9091K [0x0000000081e00000, 0x0000000089c80000, 0x00000000d5f80000)
  object space 129536K, 7% used [0x0000000081e00000,0x00000000826e0d60,0x0000000089c80000)
 Metaspace       used 11705K, capacity 12147K, committed 12416K, reserved 1060864K
  class space    used 1238K, capacity 1334K, committed 1408K, reserved 1048576K
Event: 1.315 GC heap after
Heap after GC invocations=14 (full 0):
 PSYoungGen      total 34816K, used 1829K [0x00000000d5f80000, 0x00000000d8580000, 0x0000000100000000)
  eden space 30720K, 0% used [0x00000000d5f80000,0x00000000d5f80000,0x00000000d7d80000)
  from space 4096K, 44% used [0x00000000d8180000,0x00000000d8349508,0x00000000d8580000)
  to   space 4096K, 0% used [0x00000000d7d80000,0x00000000d7d80000,0x00000000d8180000)
 ParOldGen       total 129536K, used 9353K [0x0000000081e00000, 0x0000000089c80000, 0x00000000d5f80000)
  object space 129536K, 7% used [0x0000000081e00000,0x0000000082722650,0x0000000089c80000)
 Metaspace       used 11705K, capacity 12147K, committed 12416K, reserved 1060864K
  class space    used 1238K, capacity 1334K, committed 1408K, reserved 1048576K
}
Event: 1.380 GC heap before
{Heap before GC invocations=15 (full 0):
 PSYoungGen      total 34816K, used 32549K [0x00000000d5f80000, 0x00000000d8580000, 0x0000000100000000)
  eden space 30720K, 100% used [0x00000000d5f80000,0x00000000d7d80000,0x00000000d7d80000)
  from space 4096K, 44% used [0x00000000d8180000,0x00000000d8349508,0x00000000d8580000)
  to   space 4096K, 0% used [0x00000000d7d80000,0x00000000d7d80000,0x00000000d8180000)
 ParOldGen       total 129536K, used 9353K [0x0000000081e00000, 0x0000000089c80000, 0x00000000d5f80000)
  object space 129536K, 7% used [0x0000000081e00000,0x0000000082722650,0x0000000089c80000)
 Metaspace       used 11722K, capacity 12147K, committed 12416K, reserved 1060864K
  class space    used 1238K, capacity 1334K, committed 1408K, reserved 1048576K
Event: 1.384 GC heap after
Heap after GC invocations=15 (full 0):
 PSYoungGen      total 34816K, used 1632K [0x00000000d5f80000, 0x00000000d9680000, 0x0000000100000000)
  eden space 30720K, 0% used [0x00000000d5f80000,0x00000000d5f80000,0x00000000d7d80000)
  from space 4096K, 39% used [0x00000000d7d80000,0x00000000d7f18000,0x00000000d8180000)
  to   space 3584K, 0% used [0x00000000d9300000,0x00000000d9300000,0x00000000d9680000)
 ParOldGen       total 129536K, used 9580K [0x0000000081e00000, 0x0000000089c80000, 0x00000000d5f80000)
  object space 129536K, 7% used [0x0000000081e00000,0x000000008275b120,0x0000000089c80000)
 Metaspace       used 11722K, capacity 12147K, committed 12416K, reserved 1060864K
  class space    used 1238K, capacity 1334K, committed 1408K, reserved 1048576K
}
Event: 1.450 GC heap before
{Heap before GC invocations=16 (full 0):
 PSYoungGen      total 34816K, used 32352K [0x00000000d5f80000, 0x00000000d9680000, 0x0000000100000000)
  eden space 30720K, 100% used [0x00000000d5f80000,0x00000000d7d80000,0x00000000d7d80000)
  from space 4096K, 39% used [0x00000000d7d80000,0x00000000d7f18000,0x00000000d8180000)
  to   space 3584K, 0% used [0x00000000d9300000,0x00000000d9300000,0x00000000d9680000)
 ParOldGen       total 129536K, used 9580K [0x0000000081e00000, 0x0000000089c80000, 0x00000000d5f80000)
  object space 129536K, 7% used [0x0000000081e00000,0x000000008275b120,0x0000000089c80000)
 Metaspace       used 11732K, capacity 12147K, committed 12416K, reserved 1060864K
  class space    used 1238K, capacity 1334K, committed 1408K, reserved 1048576K
Event: 1.451 GC heap after
Heap after GC invocations=16 (full 0):
 PSYoungGen      total 52736K, used 1920K [0x00000000d5f80000, 0x00000000d9680000, 0x0000000100000000)
  eden space 49152K, 0% used [0x00000000d5f80000,0x00000000d5f80000,0x00000000d8f80000)
  from space 3584K, 53% used [0x00000000d9300000,0x00000000d94e0000,0x00000000d9680000)
  to   space 3584K, 0% used [0x00000000d8f80000,0x00000000d8f80000,0x00000000d9300000)
 ParOldGen       total 129536K, used 9923K [0x0000000081e00000, 0x0000000089c80000, 0x00000000d5f80000)
  object space 129536K, 7% used [0x0000000081e00000,0x00000000827b0df8,0x0000000089c80000)
 Metaspace       used 11732K, capacity 12147K, committed 12416K, reserved 1060864K
  class space    used 1238K, capacity 1334K, committed 1408K, reserved 1048576K
}
Event: 1.660 GC heap before
{Heap before GC invocations=17 (full 0):
 PSYoungGen      total 52736K, used 51072K [0x00000000d5f80000, 0x00000000d9680000, 0x0000000100000000)
  eden space 49152K, 100% used [0x00000000d5f80000,0x00000000d8f80000,0x00000000d8f80000)
  from space 3584K, 53% used [0x00000000d9300000,0x00000000d94e0000,0x00000000d9680000)
  to   space 3584K, 0% used [0x00000000d8f80000,0x00000000d8f80000,0x00000000d9300000)
 ParOldGen       total 129536K, used 9923K [0x0000000081e00000, 0x0000000089c80000, 0x00000000d5f80000)
  object space 129536K, 7% used [0x0000000081e00000,0x00000000827b0df8,0x0000000089c80000)
 Metaspace       used 11939K, capacity 12371K, committed 12416K, reserved 1060864K
  class space    used 1252K, capacity 1366K, committed 1408K, reserved 1048576K
Event: 1.669 GC heap after
Heap after GC invocations=17 (full 0):
 PSYoungGen      total 52736K, used 3582K [0x00000000d5f80000, 0x00000000db100000, 0x0000000100000000)
  eden space 49152K, 0% used [0x00000000d5f80000,0x00000000d5f80000,0x00000000d8f80000)
  from space 3584K, 99% used [0x00000000d8f80000,0x00000000d92ffa10,0x00000000d9300000)
  to   space 7168K, 0% used [0x00000000daa00000,0x00000000daa00000,0x00000000db100000)
 ParOldGen       total 129536K, used 17701K [0x0000000081e00000, 0x0000000089c80000, 0x00000000d5f80000)
  object space 129536K, 13% used [0x0000000081e00000,0x0000000082f497d0,0x0000000089c80000)
 Metaspace       used 11939K, capacity 12371K, committed 12416K, reserved 1060864K
  class space    used 1252K, capacity 1366K, committed 1408K, reserved 1048576K
}

