# JRE version: Java(TM) SE Runtime Environment (8.0_11-b12) (build 1.8.0_11-b12)
# Java VM: Java HotSpot(TM) 64-Bit Server VM (25.11-b03 mixed mode windows-amd64 compressed oops)
Heap:
 PSYoungGen      total 48128K, used 17178K [0x00000000d5f80000, 0x00000000da980000, 0x0000000100000000)
  eden space 45056K, 31% used [0x00000000d5f80000,0x00000000d6d4e120,0x00000000d8b80000)
  from space 3072K, 99% used [0x00000000d8b80000,0x00000000d8e78ad8,0x00000000d8e80000)
  to   space 6144K, 0% used [0x00000000da380000,0x00000000da380000,0x00000000da980000)
 ParOldGen       total 129536K, used 16563K [0x0000000081e00000, 0x0000000089c80000, 0x00000000d5f80000)
  object space 129536K, 12% used [0x0000000081e00000,0x0000000082e2cda0,0x0000000089c80000)
 Metaspace       used 9292K, capacity 9703K, committed 9856K, reserved 1058816K
  class space    used 962K, capacity 1036K, committed 1152K, reserved 1048576K
GC Heap History (10 events):
Event: 0.928 GC heap before
{Heap before GC invocations=13 (full 0):
 PSYoungGen      total 20480K, used 19008K [0x00000000d5f80000, 0x00000000d7780000, 0x0000000100000000)
  eden space 17408K, 100% used [0x00000000d5f80000,0x00000000d7080000,0x00000000d7080000)
  from space 3072K, 52% used [0x00000000d7480000,0x00000000d7610000,0x00000000d7780000)
  to   space 3584K, 0% used [0x00000000d7080000,0x00000000d7080000,0x00000000d7400000)
 ParOldGen       total 129536K, used 9607K [0x0000000081e00000, 0x0000000089c80000, 0x00000000d5f80000)
  object space 129536K, 7% used [0x0000000081e00000,0x0000000082761ec8,0x0000000089c80000)
 Metaspace       used 9041K, capacity 9447K, committed 9600K, reserved 1058816K
  class space    used 948K, capacity 1036K, committed 1152K, reserved 1048576K
Event: 0.930 GC heap after
Heap after GC invocations=13 (full 0):
 PSYoungGen      total 20992K, used 1728K [0x00000000d5f80000, 0x00000000d8200000, 0x0000000100000000)
  eden space 17408K, 0% used [0x00000000d5f80000,0x00000000d5f80000,0x00000000d7080000)
  from space 3584K, 48% used [0x00000000d7080000,0x00000000d7230000,0x00000000d7400000)
  to   space 3584K, 0% used [0x00000000d7e80000,0x00000000d7e80000,0x00000000d8200000)
 ParOldGen       total 129536K, used 9839K [0x0000000081e00000, 0x0000000089c80000, 0x00000000d5f80000)
  object space 129536K, 7% used [0x0000000081e00000,0x000000008279bec8,0x0000000089c80000)
 Metaspace       used 9041K, capacity 9447K, committed 9600K, reserved 1058816K
  class space    used 948K, capacity 1036K, committed 1152K, reserved 1048576K
}
Event: 0.983 GC heap before
{Heap before GC invocations=14 (full 0):
 PSYoungGen      total 20992K, used 19136K [0x00000000d5f80000, 0x00000000d8200000, 0x0000000100000000)
  eden space 17408K, 100% used [0x00000000d5f80000,0x00000000d7080000,0x00000000d7080000)
  from space 3584K, 48% used [0x00000000d7080000,0x00000000d7230000,0x00000000d7400000)
  to   space 3584K, 0% used [0x00000000d7e80000,0x00000000d7e80000,0x00000000d8200000)
 ParOldGen       total 129536K, used 9839K [0x0000000081e00000, 0x0000000089c80000, 0x00000000d5f80000)
  object space 129536K, 7% used [0x0000000081e00000,0x000000008279bec8,0x0000000089c80000)
 Metaspace       used 9053K, capacity 9447K, committed 9600K, reserved 1058816K
  class space    used 948K, capacity 1036K, committed 1152K, reserved 1048576K
Event: 0.984 GC heap after
Heap after GC invocations=14 (full 0):
 PSYoungGen      total 31744K, used 1920K [0x00000000d5f80000, 0x00000000d8200000, 0x0000000100000000)
  eden space 28160K, 0% used [0x00000000d5f80000,0x00000000d5f80000,0x00000000d7b00000)
  from space 3584K, 53% used [0x00000000d7e80000,0x00000000d8060000,0x00000000d8200000)
  to   space 3584K, 0% used [0x00000000d7b00000,0x00000000d7b00000,0x00000000d7e80000)
 ParOldGen       total 129536K, used 10031K [0x0000000081e00000, 0x0000000089c80000, 0x00000000d5f80000)
  object space 129536K, 7% used [0x0000000081e00000,0x00000000827cbec8,0x0000000089c80000)
 Metaspace       used 9053K, capacity 9447K, committed 9600K, reserved 1058816K
  class space    used 948K, capacity 1036K, committed 1152K, reserved 1048576K
}
Event: 1.051 GC heap before
{Heap before GC invocations=15 (full 0):
 PSYoungGen      total 31744K, used 30080K [0x00000000d5f80000, 0x00000000d8200000, 0x0000000100000000)
  eden space 28160K, 100% used [0x00000000d5f80000,0x00000000d7b00000,0x00000000d7b00000)
  from space 3584K, 53% used [0x00000000d7e80000,0x00000000d8060000,0x00000000d8200000)
  to   space 3584K, 0% used [0x00000000d7b00000,0x00000000d7b00000,0x00000000d7e80000)
 ParOldGen       total 129536K, used 10031K [0x0000000081e00000, 0x0000000089c80000, 0x00000000d5f80000)
  object space 129536K, 7% used [0x0000000081e00000,0x00000000827cbec8,0x0000000089c80000)
 Metaspace       used 9070K, capacity 9447K, committed 9600K, reserved 1058816K
  class space    used 948K, capacity 1036K, committed 1152K, reserved 1048576K
Event: 1.053 GC heap after
Heap after GC invocations=15 (full 0):
 PSYoungGen      total 31744K, used 1856K [0x00000000d5f80000, 0x00000000d9280000, 0x0000000100000000)
  eden space 28160K, 0% used [0x00000000d5f80000,0x00000000d5f80000,0x00000000d7b00000)
  from space 3584K, 51% used [0x00000000d7b00000,0x00000000d7cd0000,0x00000000d7e80000)
  to   space 3584K, 0% used [0x00000000d8f00000,0x00000000d8f00000,0x00000000d9280000)
 ParOldGen       total 129536K, used 10262K [0x0000000081e00000, 0x0000000089c80000, 0x00000000d5f80000)
  object space 129536K, 7% used [0x0000000081e00000,0x0000000082805aa8,0x0000000089c80000)
 Metaspace       used 9070K, capacity 9447K, committed 9600K, reserved 1058816K
  class space    used 948K, capacity 1036K, committed 1152K, reserved 1048576K
}
Event: 1.110 GC heap before
{Heap before GC invocations=16 (full 0):
 PSYoungGen      total 31744K, used 30016K [0x00000000d5f80000, 0x00000000d9280000, 0x0000000100000000)
  eden space 28160K, 100% used [0x00000000d5f80000,0x00000000d7b00000,0x00000000d7b00000)
  from space 3584K, 51% used [0x00000000d7b00000,0x00000000d7cd0000,0x00000000d7e80000)
  to   space 3584K, 0% used [0x00000000d8f00000,0x00000000d8f00000,0x00000000d9280000)
 ParOldGen       total 129536K, used 10262K [0x0000000081e00000, 0x0000000089c80000, 0x00000000d5f80000)
  object space 129536K, 7% used [0x0000000081e00000,0x0000000082805aa8,0x0000000089c80000)
 Metaspace       used 9083K, capacity 9447K, committed 9600K, reserved 1058816K
  class space    used 948K, capacity 1036K, committed 1152K, reserved 1048576K
Event: 1.111 GC heap after
Heap after GC invocations=16 (full 0):
 PSYoungGen      total 47616K, used 1600K [0x00000000d5f80000, 0x00000000d9180000, 0x0000000100000000)
  eden space 45056K, 0% used [0x00000000d5f80000,0x00000000d5f80000,0x00000000d8b80000)
  from space 2560K, 62% used [0x00000000d8f00000,0x00000000d9090000,0x00000000d9180000)
  to   space 3072K, 0% used [0x00000000d8b80000,0x00000000d8b80000,0x00000000d8e80000)
 ParOldGen       total 129536K, used 10495K [0x0000000081e00000, 0x0000000089c80000, 0x00000000d5f80000)
  object space 129536K, 8% used [0x0000000081e00000,0x000000008283fdb8,0x0000000089c80000)
 Metaspace       used 9083K, capacity 9447K, committed 9600K, reserved 1058816K
  class space    used 948K, capacity 1036K, committed 1152K, reserved 1048576K
}
Event: 1.257 GC heap before
{Heap before GC invocations=17 (full 0):
 PSYoungGen      total 47616K, used 46656K [0x00000000d5f80000, 0x00000000d9180000, 0x0000000100000000)
  eden space 45056K, 100% used [0x00000000d5f80000,0x00000000d8b80000,0x00000000d8b80000)
  from space 2560K, 62% used [0x00000000d8f00000,0x00000000d9090000,0x00000000d9180000)
  to   space 3072K, 0% used [0x00000000d8b80000,0x00000000d8b80000,0x00000000d8e80000)
 ParOldGen       total 129536K, used 10495K [0x0000000081e00000, 0x0000000089c80000, 0x00000000d5f80000)
  object space 129536K, 8% used [0x0000000081e00000,0x000000008283fdb8,0x0000000089c80000)
 Metaspace       used 9248K, capacity 9639K, committed 9856K, reserved 1058816K
  class space    used 957K, capacity 1036K, committed 1152K, reserved 1048576K
Event: 1.263 GC heap after
Heap after GC invocations=17 (full 0):
 PSYoungGen      total 48128K, used 3042K [0x00000000d5f80000, 0x00000000da980000, 0x0000000100000000)
  eden space 45056K, 0% used [0x00000000d5f80000,0x00000000d5f80000,0x00000000d8b80000)
  from space 3072K, 99% used [0x00000000d8b80000,0x00000000d8e78ad8,0x00000000d8e80000)
  to   space 6144K, 0% used [0x00000000da380000,0x00000000da380000,0x00000000da980000)
 ParOldGen       total 129536K, used 16563K [0x0000000081e00000, 0x0000000089c80000, 0x00000000d5f80000)
  object space 129536K, 12% used [0x0000000081e00000,0x0000000082e2cda0,0x0000000089c80000)
 Metaspace       used 9248K, capacity 9639K, committed 9856K, reserved 1058816K
  class space    used 957K, capacity 1036K, committed 1152K, reserved 1048576K
}

