# JRE version: Java(TM) SE Runtime Environment (8.0_11-b12) (build 1.8.0_11-b12)
# Java VM: Java HotSpot(TM) 64-Bit Server VM (25.11-b03 mixed mode windows-amd64 compressed oops)
Heap:
 PSYoungGen      total 625152K, used 17298K [0x00000000d5f80000, 0x00000000fe380000, 0x0000000100000000)
  eden space 599040K, 0% used [0x00000000d5f80000,0x00000000d5ff7cc8,0x00000000fa880000)
  from space 26112K, 64% used [0x00000000fa880000,0x00000000fb8ecba0,0x00000000fc200000)
  to   space 26112K, 0% used [0x00000000fca00000,0x00000000fca00000,0x00000000fe380000)
 ParOldGen       total 157696K, used 135151K [0x0000000081e00000, 0x000000008b800000, 0x00000000d5f80000)
  object space 157696K, 85% used [0x0000000081e00000,0x000000008a1fbfa0,0x000000008b800000)
 Metaspace       used 14166K, capacity 14563K, committed 14720K, reserved 1062912K
  class space    used 1503K, capacity 1622K, committed 1664K, reserved 1048576K
GC Heap History (10 events):
Event: 12.646 GC heap before
{Heap before GC invocations=46 (full 3):
 PSYoungGen      total 604672K, used 592938K [0x00000000d5f80000, 0x00000000fcb00000, 0x0000000100000000)
  eden space 578048K, 100% used [0x00000000d5f80000,0x00000000f9400000,0x00000000f9400000)
  from space 26624K, 55% used [0x00000000fb100000,0x00000000fbf8a920,0x00000000fcb00000)
  to   space 28160K, 0% used [0x00000000f9400000,0x00000000f9400000,0x00000000faf80000)
 ParOldGen       total 157696K, used 135151K [0x0000000081e00000, 0x000000008b800000, 0x00000000d5f80000)
  object space 157696K, 85% used [0x0000000081e00000,0x000000008a1fbfa0,0x000000008b800000)
 Metaspace       used 14163K, capacity 14563K, committed 14720K, reserved 1062912K
  class space    used 1503K, capacity 1622K, committed 1664K, reserved 1048576K
Event: 12.657 GC heap after
Heap after GC invocations=46 (full 3):
 PSYoungGen      total 606208K, used 12197K [0x00000000d5f80000, 0x00000000fd580000, 0x0000000100000000)
  eden space 578048K, 0% used [0x00000000d5f80000,0x00000000d5f80000,0x00000000f9400000)
  from space 28160K, 43% used [0x00000000f9400000,0x00000000f9fe9700,0x00000000faf80000)
  to   space 26624K, 0% used [0x00000000fbb80000,0x00000000fbb80000,0x00000000fd580000)
 ParOldGen       total 157696K, used 135151K [0x0000000081e00000, 0x000000008b800000, 0x00000000d5f80000)
  object space 157696K, 85% used [0x0000000081e00000,0x000000008a1fbfa0,0x000000008b800000)
 Metaspace       used 14163K, capacity 14563K, committed 14720K, reserved 1062912K
  class space    used 1503K, capacity 1622K, committed 1664K, reserved 1048576K
}
Event: 14.462 GC heap before
{Heap before GC invocations=47 (full 3):
 PSYoungGen      total 606208K, used 590245K [0x00000000d5f80000, 0x00000000fd580000, 0x0000000100000000)
  eden space 578048K, 100% used [0x00000000d5f80000,0x00000000f9400000,0x00000000f9400000)
  from space 28160K, 43% used [0x00000000f9400000,0x00000000f9fe9700,0x00000000faf80000)
  to   space 26624K, 0% used [0x00000000fbb80000,0x00000000fbb80000,0x00000000fd580000)
 ParOldGen       total 157696K, used 135151K [0x0000000081e00000, 0x000000008b800000, 0x00000000d5f80000)
  object space 157696K, 85% used [0x0000000081e00000,0x000000008a1fbfa0,0x000000008b800000)
 Metaspace       used 14166K, capacity 14563K, committed 14720K, reserved 1062912K
  class space    used 1503K, capacity 1622K, committed 1664K, reserved 1048576K
Event: 14.470 GC heap after
Heap after GC invocations=47 (full 3):
 PSYoungGen      total 613376K, used 13429K [0x00000000d5f80000, 0x00000000fd280000, 0x0000000100000000)
  eden space 589824K, 0% used [0x00000000d5f80000,0x00000000d5f80000,0x00000000f9f80000)
  from space 23552K, 57% used [0x00000000fbb80000,0x00000000fc89d710,0x00000000fd280000)
  to   space 26112K, 0% used [0x00000000f9f80000,0x00000000f9f80000,0x00000000fb900000)
 ParOldGen       total 157696K, used 135151K [0x0000000081e00000, 0x000000008b800000, 0x00000000d5f80000)
  object space 157696K, 85% used [0x0000000081e00000,0x000000008a1fbfa0,0x000000008b800000)
 Metaspace       used 14166K, capacity 14563K, committed 14720K, reserved 1062912K
  class space    used 1503K, capacity 1622K, committed 1664K, reserved 1048576K
}
Event: 15.895 GC heap before
{Heap before GC invocations=48 (full 3):
 PSYoungGen      total 613376K, used 603253K [0x00000000d5f80000, 0x00000000fd280000, 0x0000000100000000)
  eden space 589824K, 100% used [0x00000000d5f80000,0x00000000f9f80000,0x00000000f9f80000)
  from space 23552K, 57% used [0x00000000fbb80000,0x00000000fc89d710,0x00000000fd280000)
  to   space 26112K, 0% used [0x00000000f9f80000,0x00000000f9f80000,0x00000000fb900000)
 ParOldGen       total 157696K, used 135151K [0x0000000081e00000, 0x000000008b800000, 0x00000000d5f80000)
  object space 157696K, 85% used [0x0000000081e00000,0x000000008a1fbfa0,0x000000008b800000)
 Metaspace       used 14166K, capacity 14563K, committed 14720K, reserved 1062912K
  class space    used 1503K, capacity 1622K, committed 1664K, reserved 1048576K
Event: 15.904 GC heap after
Heap after GC invocations=48 (full 3):
 PSYoungGen      total 615936K, used 15106K [0x00000000d5f80000, 0x00000000fdc00000, 0x0000000100000000)
  eden space 589824K, 0% used [0x00000000d5f80000,0x00000000d5f80000,0x00000000f9f80000)
  from space 26112K, 57% used [0x00000000f9f80000,0x00000000fae40bb0,0x00000000fb900000)
  to   space 25600K, 0% used [0x00000000fc300000,0x00000000fc300000,0x00000000fdc00000)
 ParOldGen       total 157696K, used 135151K [0x0000000081e00000, 0x000000008b800000, 0x00000000d5f80000)
  object space 157696K, 85% used [0x0000000081e00000,0x000000008a1fbfa0,0x000000008b800000)
 Metaspace       used 14166K, capacity 14563K, committed 14720K, reserved 1062912K
  class space    used 1503K, capacity 1622K, committed 1664K, reserved 1048576K
}
Event: 17.846 GC heap before
{Heap before GC invocations=49 (full 3):
 PSYoungGen      total 615936K, used 604930K [0x00000000d5f80000, 0x00000000fdc00000, 0x0000000100000000)
  eden space 589824K, 100% used [0x00000000d5f80000,0x00000000f9f80000,0x00000000f9f80000)
  from space 26112K, 57% used [0x00000000f9f80000,0x00000000fae40bb0,0x00000000fb900000)
  to   space 25600K, 0% used [0x00000000fc300000,0x00000000fc300000,0x00000000fdc00000)
 ParOldGen       total 157696K, used 135151K [0x0000000081e00000, 0x000000008b800000, 0x00000000d5f80000)
  object space 157696K, 85% used [0x0000000081e00000,0x000000008a1fbfa0,0x000000008b800000)
 Metaspace       used 14166K, capacity 14563K, committed 14720K, reserved 1062912K
  class space    used 1503K, capacity 1622K, committed 1664K, reserved 1048576K
Event: 17.857 GC heap after
Heap after GC invocations=49 (full 3):
 PSYoungGen      total 624128K, used 16053K [0x00000000d5f80000, 0x00000000fdb80000, 0x0000000100000000)
  eden space 599040K, 0% used [0x00000000d5f80000,0x00000000d5f80000,0x00000000fa880000)
  from space 25088K, 63% used [0x00000000fc300000,0x00000000fd2ad720,0x00000000fdb80000)
  to   space 26112K, 0% used [0x00000000fa880000,0x00000000fa880000,0x00000000fc200000)
 ParOldGen       total 157696K, used 135151K [0x0000000081e00000, 0x000000008b800000, 0x00000000d5f80000)
  object space 157696K, 85% used [0x0000000081e00000,0x000000008a1fbfa0,0x000000008b800000)
 Metaspace       used 14166K, capacity 14563K, committed 14720K, reserved 1062912K
  class space    used 1503K, capacity 1622K, committed 1664K, reserved 1048576K
}
Event: 20.303 GC heap before
{Heap before GC invocations=50 (full 3):
 PSYoungGen      total 624128K, used 615093K [0x00000000d5f80000, 0x00000000fdb80000, 0x0000000100000000)
  eden space 599040K, 100% used [0x00000000d5f80000,0x00000000fa880000,0x00000000fa880000)
  from space 25088K, 63% used [0x00000000fc300000,0x00000000fd2ad720,0x00000000fdb80000)
  to   space 26112K, 0% used [0x00000000fa880000,0x00000000fa880000,0x00000000fc200000)
 ParOldGen       total 157696K, used 135151K [0x0000000081e00000, 0x000000008b800000, 0x00000000d5f80000)
  object space 157696K, 85% used [0x0000000081e00000,0x000000008a1fbfa0,0x000000008b800000)
 Metaspace       used 14166K, capacity 14563K, committed 14720K, reserved 1062912K
  class space    used 1503K, capacity 1622K, committed 1664K, reserved 1048576K
Event: 20.318 GC heap after
Heap after GC invocations=50 (full 3):
 PSYoungGen      total 625152K, used 16818K [0x00000000d5f80000, 0x00000000fe380000, 0x0000000100000000)
  eden space 599040K, 0% used [0x00000000d5f80000,0x00000000d5f80000,0x00000000fa880000)
  from space 26112K, 64% used [0x00000000fa880000,0x00000000fb8ecba0,0x00000000fc200000)
  to   space 26112K, 0% used [0x00000000fca00000,0x00000000fca00000,0x00000000fe380000)
 ParOldGen       total 157696K, used 135151K [0x0000000081e00000, 0x000000008b800000, 0x00000000d5f80000)
  object space 157696K, 85% used [0x0000000081e00000,0x000000008a1fbfa0,0x000000008b800000)
 Metaspace       used 14166K, capacity 14563K, committed 14720K, reserved 1062912K
  class space    used 1503K, capacity 1622K, committed 1664K, reserved 1048576K
}

