# JRE version: Java(TM) SE Runtime Environment (8.0_11-b12) (build 1.8.0_11-b12)
# Java VM: Java HotSpot(TM) 64-Bit Server VM (25.11-b03 mixed mode windows-amd64 compressed oops)
Heap:
 PSYoungGen      total 48128K, used 14923K [0x00000000d5f80000, 0x00000000da880000, 0x0000000100000000)
  eden space 45056K, 26% used [0x00000000d5f80000,0x00000000d6b13450,0x00000000d8b80000)
  from space 3072K, 99% used [0x00000000d8b80000,0x00000000d8e7fa10,0x00000000d8e80000)
  to   space 5632K, 0% used [0x00000000da300000,0x00000000da300000,0x00000000da880000)
 ParOldGen       total 129536K, used 15660K [0x0000000081e00000, 0x0000000089c80000, 0x00000000d5f80000)
  object space 129536K, 12% used [0x0000000081e00000,0x0000000082d4b248,0x0000000089c80000)
 Metaspace       used 9280K, capacity 9639K, committed 9856K, reserved 1058816K
  class space    used 962K, capacity 1036K, committed 1152K, reserved 1048576K
GC Heap History (10 events):
Event: 1.081 GC heap before
{Heap before GC invocations=13 (full 0):
 PSYoungGen      total 20480K, used 19072K [0x00000000d5f80000, 0x00000000d7780000, 0x0000000100000000)
  eden space 17408K, 100% used [0x00000000d5f80000,0x00000000d7080000,0x00000000d7080000)
  from space 3072K, 54% used [0x00000000d7480000,0x00000000d7620000,0x00000000d7780000)
  to   space 3584K, 0% used [0x00000000d7080000,0x00000000d7080000,0x00000000d7400000)
 ParOldGen       total 129536K, used 9604K [0x0000000081e00000, 0x0000000089c80000, 0x00000000d5f80000)
  object space 129536K, 7% used [0x0000000081e00000,0x0000000082761068,0x0000000089c80000)
 Metaspace       used 9038K, capacity 9447K, committed 9600K, reserved 1058816K
  class space    used 948K, capacity 1036K, committed 1152K, reserved 1048576K
Event: 1.082 GC heap after
Heap after GC invocations=13 (full 0):
 PSYoungGen      total 20992K, used 1792K [0x00000000d5f80000, 0x00000000d8200000, 0x0000000100000000)
  eden space 17408K, 0% used [0x00000000d5f80000,0x00000000d5f80000,0x00000000d7080000)
  from space 3584K, 50% used [0x00000000d7080000,0x00000000d7240000,0x00000000d7400000)
  to   space 3584K, 0% used [0x00000000d7e80000,0x00000000d7e80000,0x00000000d8200000)
 ParOldGen       total 129536K, used 9777K [0x0000000081e00000, 0x0000000089c80000, 0x00000000d5f80000)
  object space 129536K, 7% used [0x0000000081e00000,0x000000008278c4a8,0x0000000089c80000)
 Metaspace       used 9038K, capacity 9447K, committed 9600K, reserved 1058816K
  class space    used 948K, capacity 1036K, committed 1152K, reserved 1048576K
}
Event: 1.133 GC heap before
{Heap before GC invocations=14 (full 0):
 PSYoungGen      total 20992K, used 19162K [0x00000000d5f80000, 0x00000000d8200000, 0x0000000100000000)
  eden space 17408K, 99% used [0x00000000d5f80000,0x00000000d7076a70,0x00000000d7080000)
  from space 3584K, 50% used [0x00000000d7080000,0x00000000d7240000,0x00000000d7400000)
  to   space 3584K, 0% used [0x00000000d7e80000,0x00000000d7e80000,0x00000000d8200000)
 ParOldGen       total 129536K, used 9777K [0x0000000081e00000, 0x0000000089c80000, 0x00000000d5f80000)
  object space 129536K, 7% used [0x0000000081e00000,0x000000008278c4a8,0x0000000089c80000)
 Metaspace       used 9050K, capacity 9447K, committed 9600K, reserved 1058816K
  class space    used 948K, capacity 1036K, committed 1152K, reserved 1048576K
Event: 1.135 GC heap after
Heap after GC invocations=14 (full 0):
 PSYoungGen      total 31744K, used 1828K [0x00000000d5f80000, 0x00000000d8200000, 0x0000000100000000)
  eden space 28160K, 0% used [0x00000000d5f80000,0x00000000d5f80000,0x00000000d7b00000)
  from space 3584K, 51% used [0x00000000d7e80000,0x00000000d80490c8,0x00000000d8200000)
  to   space 3584K, 0% used [0x00000000d7b00000,0x00000000d7b00000,0x00000000d7e80000)
 ParOldGen       total 129536K, used 9989K [0x0000000081e00000, 0x0000000089c80000, 0x00000000d5f80000)
  object space 129536K, 7% used [0x0000000081e00000,0x00000000827c1540,0x0000000089c80000)
 Metaspace       used 9050K, capacity 9447K, committed 9600K, reserved 1058816K
  class space    used 948K, capacity 1036K, committed 1152K, reserved 1048576K
}
Event: 1.196 GC heap before
{Heap before GC invocations=15 (full 0):
 PSYoungGen      total 31744K, used 29988K [0x00000000d5f80000, 0x00000000d8200000, 0x0000000100000000)
  eden space 28160K, 100% used [0x00000000d5f80000,0x00000000d7b00000,0x00000000d7b00000)
  from space 3584K, 51% used [0x00000000d7e80000,0x00000000d80490c8,0x00000000d8200000)
  to   space 3584K, 0% used [0x00000000d7b00000,0x00000000d7b00000,0x00000000d7e80000)
 ParOldGen       total 129536K, used 9989K [0x0000000081e00000, 0x0000000089c80000, 0x00000000d5f80000)
  object space 129536K, 7% used [0x0000000081e00000,0x00000000827c1540,0x0000000089c80000)
 Metaspace       used 9067K, capacity 9447K, committed 9600K, reserved 1058816K
  class space    used 948K, capacity 1036K, committed 1152K, reserved 1048576K
Event: 1.207 GC heap after
Heap after GC invocations=15 (full 0):
 PSYoungGen      total 31744K, used 1824K [0x00000000d5f80000, 0x00000000d9280000, 0x0000000100000000)
  eden space 28160K, 0% used [0x00000000d5f80000,0x00000000d5f80000,0x00000000d7b00000)
  from space 3584K, 50% used [0x00000000d7b00000,0x00000000d7cc8000,0x00000000d7e80000)
  to   space 3584K, 0% used [0x00000000d8f00000,0x00000000d8f00000,0x00000000d9280000)
 ParOldGen       total 129536K, used 10164K [0x0000000081e00000, 0x0000000089c80000, 0x00000000d5f80000)
  object space 129536K, 7% used [0x0000000081e00000,0x00000000827ed120,0x0000000089c80000)
 Metaspace       used 9067K, capacity 9447K, committed 9600K, reserved 1058816K
  class space    used 948K, capacity 1036K, committed 1152K, reserved 1048576K
}
Event: 1.327 GC heap before
{Heap before GC invocations=16 (full 0):
 PSYoungGen      total 31744K, used 29984K [0x00000000d5f80000, 0x00000000d9280000, 0x0000000100000000)
  eden space 28160K, 100% used [0x00000000d5f80000,0x00000000d7b00000,0x00000000d7b00000)
  from space 3584K, 50% used [0x00000000d7b00000,0x00000000d7cc8000,0x00000000d7e80000)
  to   space 3584K, 0% used [0x00000000d8f00000,0x00000000d8f00000,0x00000000d9280000)
 ParOldGen       total 129536K, used 10164K [0x0000000081e00000, 0x0000000089c80000, 0x00000000d5f80000)
  object space 129536K, 7% used [0x0000000081e00000,0x00000000827ed120,0x0000000089c80000)
 Metaspace       used 9084K, capacity 9447K, committed 9600K, reserved 1058816K
  class space    used 948K, capacity 1036K, committed 1152K, reserved 1048576K
Event: 1.328 GC heap after
Heap after GC invocations=16 (full 0):
 PSYoungGen      total 47616K, used 1632K [0x00000000d5f80000, 0x00000000d9180000, 0x0000000100000000)
  eden space 45056K, 0% used [0x00000000d5f80000,0x00000000d5f80000,0x00000000d8b80000)
  from space 2560K, 63% used [0x00000000d8f00000,0x00000000d9098000,0x00000000d9180000)
  to   space 3072K, 0% used [0x00000000d8b80000,0x00000000d8b80000,0x00000000d8e80000)
 ParOldGen       total 129536K, used 10396K [0x0000000081e00000, 0x0000000089c80000, 0x00000000d5f80000)
  object space 129536K, 8% used [0x0000000081e00000,0x00000000828273d0,0x0000000089c80000)
 Metaspace       used 9084K, capacity 9447K, committed 9600K, reserved 1058816K
  class space    used 948K, capacity 1036K, committed 1152K, reserved 1048576K
}
Event: 1.467 GC heap before
{Heap before GC invocations=17 (full 0):
 PSYoungGen      total 47616K, used 46688K [0x00000000d5f80000, 0x00000000d9180000, 0x0000000100000000)
  eden space 45056K, 100% used [0x00000000d5f80000,0x00000000d8b80000,0x00000000d8b80000)
  from space 2560K, 63% used [0x00000000d8f00000,0x00000000d9098000,0x00000000d9180000)
  to   space 3072K, 0% used [0x00000000d8b80000,0x00000000d8b80000,0x00000000d8e80000)
 ParOldGen       total 129536K, used 10396K [0x0000000081e00000, 0x0000000089c80000, 0x00000000d5f80000)
  object space 129536K, 8% used [0x0000000081e00000,0x00000000828273d0,0x0000000089c80000)
 Metaspace       used 9238K, capacity 9575K, committed 9856K, reserved 1058816K
  class space    used 957K, capacity 1036K, committed 1152K, reserved 1048576K
Event: 1.472 GC heap after
Heap after GC invocations=17 (full 0):
 PSYoungGen      total 48128K, used 3070K [0x00000000d5f80000, 0x00000000da880000, 0x0000000100000000)
  eden space 45056K, 0% used [0x00000000d5f80000,0x00000000d5f80000,0x00000000d8b80000)
  from space 3072K, 99% used [0x00000000d8b80000,0x00000000d8e7fa10,0x00000000d8e80000)
  to   space 5632K, 0% used [0x00000000da300000,0x00000000da300000,0x00000000da880000)
 ParOldGen       total 129536K, used 15660K [0x0000000081e00000, 0x0000000089c80000, 0x00000000d5f80000)
  object space 129536K, 12% used [0x0000000081e00000,0x0000000082d4b248,0x0000000089c80000)
 Metaspace       used 9238K, capacity 9575K, committed 9856K, reserved 1058816K
  class space    used 957K, capacity 1036K, committed 1152K, reserved 1048576K
}

