# JRE version: Java(TM) SE Runtime Environment (8.0_11-b12) (build 1.8.0_11-b12)
# Java VM: Java HotSpot(TM) 64-Bit Server VM (25.11-b03 mixed mode windows-amd64 compressed oops)
Heap:
 PSYoungGen      total 616448K, used 23669K [0x00000000d5f80000, 0x00000000ffa00000, 0x0000000100000000)
  eden space 548352K, 0% used [0x00000000d5f80000,0x00000000d5ffd7d0,0x00000000f7700000)
  from space 68096K, 34% used [0x00000000fb780000,0x00000000fce20000,0x00000000ffa00000)
  to   space 66048K, 0% used [0x00000000f7700000,0x00000000f7700000,0x00000000fb780000)
 ParOldGen       total 228352K, used 185579K [0x0000000081e00000, 0x000000008fd00000, 0x00000000d5f80000)
  object space 228352K, 81% used [0x0000000081e00000,0x000000008d33ad38,0x000000008fd00000)
 Metaspace       used 12407K, capacity 12851K, committed 12928K, reserved 1060864K
  class space    used 1289K, capacity 1398K, committed 1408K, reserved 1048576K
GC Heap History (10 events):
Event: 182.095 GC heap before
{Heap before GC invocations=197 (full 15):
 PSYoungGen      total 553472K, used 553184K [0x00000000d5f80000, 0x0000000100000000, 0x0000000100000000)
  eden space 545280K, 100% used [0x00000000d5f80000,0x00000000f7400000,0x00000000f7400000)
  from space 8192K, 96% used [0x00000000f7400000,0x00000000f7bb8000,0x00000000f7c00000)
  to   space 74240K, 0% used [0x00000000fb780000,0x00000000fb780000,0x0000000100000000)
 ParOldGen       total 228352K, used 185579K [0x0000000081e00000, 0x000000008fd00000, 0x00000000d5f80000)
  object space 228352K, 81% used [0x0000000081e00000,0x000000008d33ad38,0x000000008fd00000)
 Metaspace       used 12407K, capacity 12851K, committed 12928K, reserved 1060864K
  class space    used 1289K, capacity 1398K, committed 1408K, reserved 1048576K
Event: 182.103 GC heap after
Heap after GC invocations=197 (full 15):
 PSYoungGen      total 614400K, used 15456K [0x00000000d5f80000, 0x0000000100000000, 0x0000000100000000)
  eden space 540160K, 0% used [0x00000000d5f80000,0x00000000d5f80000,0x00000000f6f00000)
  from space 74240K, 20% used [0x00000000fb780000,0x00000000fc698000,0x0000000100000000)
  to   space 74240K, 0% used [0x00000000f6f00000,0x00000000f6f00000,0x00000000fb780000)
 ParOldGen       total 228352K, used 185579K [0x0000000081e00000, 0x000000008fd00000, 0x00000000d5f80000)
  object space 228352K, 81% used [0x0000000081e00000,0x000000008d33ad38,0x000000008fd00000)
 Metaspace       used 12407K, capacity 12851K, committed 12928K, reserved 1060864K
  class space    used 1289K, capacity 1398K, committed 1408K, reserved 1048576K
}
Event: 183.155 GC heap before
{Heap before GC invocations=198 (full 15):
 PSYoungGen      total 614400K, used 555616K [0x00000000d5f80000, 0x0000000100000000, 0x0000000100000000)
  eden space 540160K, 100% used [0x00000000d5f80000,0x00000000f6f00000,0x00000000f6f00000)
  from space 74240K, 20% used [0x00000000fb780000,0x00000000fc698000,0x0000000100000000)
  to   space 74240K, 0% used [0x00000000f6f00000,0x00000000f6f00000,0x00000000fb780000)
 ParOldGen       total 228352K, used 185579K [0x0000000081e00000, 0x000000008fd00000, 0x00000000d5f80000)
  object space 228352K, 81% used [0x0000000081e00000,0x000000008d33ad38,0x000000008fd00000)
 Metaspace       used 12407K, capacity 12851K, committed 12928K, reserved 1060864K
  class space    used 1289K, capacity 1398K, committed 1408K, reserved 1048576K
Event: 183.168 GC heap after
Heap after GC invocations=198 (full 15):
 PSYoungGen      total 564224K, used 23936K [0x00000000d5f80000, 0x00000000ffc00000, 0x0000000100000000)
  eden space 540160K, 0% used [0x00000000d5f80000,0x00000000d5f80000,0x00000000f6f00000)
  from space 24064K, 99% used [0x00000000f6f00000,0x00000000f8660000,0x00000000f8680000)
  to   space 72192K, 0% used [0x00000000fb580000,0x00000000fb580000,0x00000000ffc00000)
 ParOldGen       total 228352K, used 185579K [0x0000000081e00000, 0x000000008fd00000, 0x00000000d5f80000)
  object space 228352K, 81% used [0x0000000081e00000,0x000000008d33ad38,0x000000008fd00000)
 Metaspace       used 12407K, capacity 12851K, committed 12928K, reserved 1060864K
  class space    used 1289K, capacity 1398K, committed 1408K, reserved 1048576K
}
Event: 184.405 GC heap before
{Heap before GC invocations=199 (full 15):
 PSYoungGen      total 564224K, used 564096K [0x00000000d5f80000, 0x00000000ffc00000, 0x0000000100000000)
  eden space 540160K, 100% used [0x00000000d5f80000,0x00000000f6f00000,0x00000000f6f00000)
  from space 24064K, 99% used [0x00000000f6f00000,0x00000000f8660000,0x00000000f8680000)
  to   space 72192K, 0% used [0x00000000fb580000,0x00000000fb580000,0x00000000ffc00000)
 ParOldGen       total 228352K, used 185579K [0x0000000081e00000, 0x000000008fd00000, 0x00000000d5f80000)
  object space 228352K, 81% used [0x0000000081e00000,0x000000008d33ad38,0x000000008fd00000)
 Metaspace       used 12407K, capacity 12851K, committed 12928K, reserved 1060864K
  class space    used 1289K, capacity 1398K, committed 1408K, reserved 1048576K
Event: 184.417 GC heap after
Heap after GC invocations=199 (full 15):
 PSYoungGen      total 614400K, used 23072K [0x00000000d5f80000, 0x0000000100000000, 0x0000000100000000)
  eden space 542208K, 0% used [0x00000000d5f80000,0x00000000d5f80000,0x00000000f7100000)
  from space 72192K, 31% used [0x00000000fb580000,0x00000000fcc08000,0x00000000ffc00000)
  to   space 70144K, 0% used [0x00000000f7100000,0x00000000f7100000,0x00000000fb580000)
 ParOldGen       total 228352K, used 185579K [0x0000000081e00000, 0x000000008fd00000, 0x00000000d5f80000)
  object space 228352K, 81% used [0x0000000081e00000,0x000000008d33ad38,0x000000008fd00000)
 Metaspace       used 12407K, capacity 12851K, committed 12928K, reserved 1060864K
  class space    used 1289K, capacity 1398K, committed 1408K, reserved 1048576K
}
Event: 186.658 GC heap before
{Heap before GC invocations=200 (full 15):
 PSYoungGen      total 614400K, used 565280K [0x00000000d5f80000, 0x0000000100000000, 0x0000000100000000)
  eden space 542208K, 100% used [0x00000000d5f80000,0x00000000f7100000,0x00000000f7100000)
  from space 72192K, 31% used [0x00000000fb580000,0x00000000fcc08000,0x00000000ffc00000)
  to   space 70144K, 0% used [0x00000000f7100000,0x00000000f7100000,0x00000000fb580000)
 ParOldGen       total 228352K, used 185579K [0x0000000081e00000, 0x000000008fd00000, 0x00000000d5f80000)
  object space 228352K, 81% used [0x0000000081e00000,0x000000008d33ad38,0x000000008fd00000)
 Metaspace       used 12407K, capacity 12851K, committed 12928K, reserved 1060864K
  class space    used 1289K, capacity 1398K, committed 1408K, reserved 1048576K
Event: 186.669 GC heap after
Heap after GC invocations=200 (full 15):
 PSYoungGen      total 612352K, used 23072K [0x00000000d5f80000, 0x00000000ffa00000, 0x0000000100000000)
  eden space 542208K, 0% used [0x00000000d5f80000,0x00000000d5f80000,0x00000000f7100000)
  from space 70144K, 32% used [0x00000000f7100000,0x00000000f8788000,0x00000000fb580000)
  to   space 68096K, 0% used [0x00000000fb780000,0x00000000fb780000,0x00000000ffa00000)
 ParOldGen       total 228352K, used 185579K [0x0000000081e00000, 0x000000008fd00000, 0x00000000d5f80000)
  object space 228352K, 81% used [0x0000000081e00000,0x000000008d33ad38,0x000000008fd00000)
 Metaspace       used 12407K, capacity 12851K, committed 12928K, reserved 1060864K
  class space    used 1289K, capacity 1398K, committed 1408K, reserved 1048576K
}
Event: 188.900 GC heap before
{Heap before GC invocations=201 (full 15):
 PSYoungGen      total 612352K, used 565280K [0x00000000d5f80000, 0x00000000ffa00000, 0x0000000100000000)
  eden space 542208K, 100% used [0x00000000d5f80000,0x00000000f7100000,0x00000000f7100000)
  from space 70144K, 32% used [0x00000000f7100000,0x00000000f8788000,0x00000000fb580000)
  to   space 68096K, 0% used [0x00000000fb780000,0x00000000fb780000,0x00000000ffa00000)
 ParOldGen       total 228352K, used 185579K [0x0000000081e00000, 0x000000008fd00000, 0x00000000d5f80000)
  object space 228352K, 81% used [0x0000000081e00000,0x000000008d33ad38,0x000000008fd00000)
 Metaspace       used 12407K, capacity 12851K, committed 12928K, reserved 1060864K
  class space    used 1289K, capacity 1398K, committed 1408K, reserved 1048576K
Event: 188.920 GC heap after
Heap after GC invocations=201 (full 15):
 PSYoungGen      total 616448K, used 23168K [0x00000000d5f80000, 0x00000000ffa00000, 0x0000000100000000)
  eden space 548352K, 0% used [0x00000000d5f80000,0x00000000d5f80000,0x00000000f7700000)
  from space 68096K, 34% used [0x00000000fb780000,0x00000000fce20000,0x00000000ffa00000)
  to   space 66048K, 0% used [0x00000000f7700000,0x00000000f7700000,0x00000000fb780000)
 ParOldGen       total 228352K, used 185579K [0x0000000081e00000, 0x000000008fd00000, 0x00000000d5f80000)
  object space 228352K, 81% used [0x0000000081e00000,0x000000008d33ad38,0x000000008fd00000)
 Metaspace       used 12407K, capacity 12851K, committed 12928K, reserved 1060864K
  class space    used 1289K, capacity 1398K, committed 1408K, reserved 1048576K
}

