# JRE version: Java(TM) SE Runtime Environment (8.0_11-b12) (build 1.8.0_11-b12)
# Java VM: Java HotSpot(TM) 64-Bit Server VM (25.11-b03 mixed mode windows-amd64 compressed oops)
Heap:
 PSYoungGen      total 629760K, used 76326K [0x00000000d5f80000, 0x0000000100000000, 0x0000000100000000)
  eden space 570880K, 11% used [0x00000000d5f80000,0x00000000da151930,0x00000000f8d00000)
  from space 58880K, 15% used [0x00000000f8d00000,0x00000000f95b8010,0x00000000fc680000)
  to   space 57856K, 0% used [0x00000000fc780000,0x00000000fc780000,0x0000000100000000)
 ParOldGen       total 157696K, used 145151K [0x0000000081e00000, 0x000000008b800000, 0x00000000d5f80000)
  object space 157696K, 92% used [0x0000000081e00000,0x000000008abbfe40,0x000000008b800000)
 Metaspace       used 12389K, capacity 12787K, committed 12928K, reserved 1060864K
  class space    used 1289K, capacity 1398K, committed 1408K, reserved 1048576K
GC Heap History (10 events):
Event: 75.910 GC heap before
{Heap before GC invocations=62 (full 2):
 PSYoungGen      total 649216K, used 648749K [0x00000000d5f80000, 0x0000000100000000, 0x0000000100000000)
  eden space 619008K, 100% used [0x00000000d5f80000,0x00000000fbc00000,0x00000000fbc00000)
  from space 30208K, 98% used [0x00000000fbc00000,0x00000000fd90b508,0x00000000fd980000)
  to   space 37888K, 0% used [0x00000000fdb00000,0x00000000fdb00000,0x0000000100000000)
 ParOldGen       total 159744K, used 143428K [0x0000000081e00000, 0x000000008ba00000, 0x00000000d5f80000)
  object space 159744K, 89% used [0x0000000081e00000,0x000000008aa11288,0x000000008ba00000)
 Metaspace       used 12388K, capacity 12787K, committed 12928K, reserved 1060864K
  class space    used 1289K, capacity 1398K, committed 1408K, reserved 1048576K
Event: 75.928 GC heap after
Heap after GC invocations=62 (full 2):
 PSYoungGen      total 638464K, used 37875K [0x00000000d5f80000, 0x0000000100000000, 0x0000000100000000)
  eden space 600576K, 0% used [0x00000000d5f80000,0x00000000d5f80000,0x00000000faa00000)
  from space 37888K, 99% used [0x00000000fdb00000,0x00000000ffffce38,0x0000000100000000)
  to   space 44032K, 0% used [0x00000000faa00000,0x00000000faa00000,0x00000000fd500000)
 ParOldGen       total 159744K, used 143684K [0x0000000081e00000, 0x000000008ba00000, 0x00000000d5f80000)
  object space 159744K, 89% used [0x0000000081e00000,0x000000008aa51298,0x000000008ba00000)
 Metaspace       used 12388K, capacity 12787K, committed 12928K, reserved 1060864K
  class space    used 1289K, capacity 1398K, committed 1408K, reserved 1048576K
}
Event: 77.380 GC heap before
{Heap before GC invocations=63 (full 2):
 PSYoungGen      total 638464K, used 638451K [0x00000000d5f80000, 0x0000000100000000, 0x0000000100000000)
  eden space 600576K, 100% used [0x00000000d5f80000,0x00000000faa00000,0x00000000faa00000)
  from space 37888K, 99% used [0x00000000fdb00000,0x00000000ffffce38,0x0000000100000000)
  to   space 44032K, 0% used [0x00000000faa00000,0x00000000faa00000,0x00000000fd500000)
 ParOldGen       total 159744K, used 143684K [0x0000000081e00000, 0x000000008ba00000, 0x00000000d5f80000)
  object space 159744K, 89% used [0x0000000081e00000,0x000000008aa51298,0x000000008ba00000)
 Metaspace       used 12389K, capacity 12787K, committed 12928K, reserved 1060864K
  class space    used 1289K, capacity 1398K, committed 1408K, reserved 1048576K
Event: 77.417 GC heap after
Heap after GC invocations=63 (full 2):
 PSYoungGen      total 644608K, used 44006K [0x00000000d5f80000, 0x0000000100000000, 0x0000000100000000)
  eden space 600576K, 0% used [0x00000000d5f80000,0x00000000d5f80000,0x00000000faa00000)
  from space 44032K, 99% used [0x00000000faa00000,0x00000000fd4f9b40,0x00000000fd500000)
  to   space 44032K, 0% used [0x00000000fd500000,0x00000000fd500000,0x0000000100000000)
 ParOldGen       total 159744K, used 144844K [0x0000000081e00000, 0x000000008ba00000, 0x00000000d5f80000)
  object space 159744K, 90% used [0x0000000081e00000,0x000000008ab733f0,0x000000008ba00000)
 Metaspace       used 12389K, capacity 12787K, committed 12928K, reserved 1060864K
  class space    used 1289K, capacity 1398K, committed 1408K, reserved 1048576K
}
Event: 78.962 GC heap before
{Heap before GC invocations=64 (full 2):
 PSYoungGen      total 644608K, used 644582K [0x00000000d5f80000, 0x0000000100000000, 0x0000000100000000)
  eden space 600576K, 100% used [0x00000000d5f80000,0x00000000faa00000,0x00000000faa00000)
  from space 44032K, 99% used [0x00000000faa00000,0x00000000fd4f9b40,0x00000000fd500000)
  to   space 44032K, 0% used [0x00000000fd500000,0x00000000fd500000,0x0000000100000000)
 ParOldGen       total 159744K, used 144844K [0x0000000081e00000, 0x000000008ba00000, 0x00000000d5f80000)
  object space 159744K, 90% used [0x0000000081e00000,0x000000008ab733f0,0x000000008ba00000)
 Metaspace       used 12389K, capacity 12787K, committed 12928K, reserved 1060864K
  class space    used 1289K, capacity 1398K, committed 1408K, reserved 1048576K
Event: 79.025 GC heap after
Heap after GC invocations=64 (full 2):
 PSYoungGen      total 614912K, used 44006K [0x00000000d5f80000, 0x0000000100000000, 0x0000000100000000)
  eden space 570880K, 0% used [0x00000000d5f80000,0x00000000d5f80000,0x00000000f8d00000)
  from space 44032K, 99% used [0x00000000fd500000,0x00000000ffff9b40,0x0000000100000000)
  to   space 58880K, 0% used [0x00000000f8d00000,0x00000000f8d00000,0x00000000fc680000)
 ParOldGen       total 159744K, used 150784K [0x0000000081e00000, 0x000000008ba00000, 0x00000000d5f80000)
  object space 159744K, 94% used [0x0000000081e00000,0x000000008b1402a8,0x000000008ba00000)
 Metaspace       used 12389K, capacity 12787K, committed 12928K, reserved 1060864K
  class space    used 1289K, capacity 1398K, committed 1408K, reserved 1048576K
}
Event: 79.025 GC heap before
{Heap before GC invocations=65 (full 3):
 PSYoungGen      total 614912K, used 44006K [0x00000000d5f80000, 0x0000000100000000, 0x0000000100000000)
  eden space 570880K, 0% used [0x00000000d5f80000,0x00000000d5f80000,0x00000000f8d00000)
  from space 44032K, 99% used [0x00000000fd500000,0x00000000ffff9b40,0x0000000100000000)
  to   space 58880K, 0% used [0x00000000f8d00000,0x00000000f8d00000,0x00000000fc680000)
 ParOldGen       total 159744K, used 150784K [0x0000000081e00000, 0x000000008ba00000, 0x00000000d5f80000)
  object space 159744K, 94% used [0x0000000081e00000,0x000000008b1402a8,0x000000008ba00000)
 Metaspace       used 12389K, capacity 12787K, committed 12928K, reserved 1060864K
  class space    used 1289K, capacity 1398K, committed 1408K, reserved 1048576K
Event: 79.198 GC heap after
Heap after GC invocations=65 (full 3):
 PSYoungGen      total 614912K, used 0K [0x00000000d5f80000, 0x0000000100000000, 0x0000000100000000)
  eden space 570880K, 0% used [0x00000000d5f80000,0x00000000d5f80000,0x00000000f8d00000)
  from space 44032K, 0% used [0x00000000fd500000,0x00000000fd500000,0x0000000100000000)
  to   space 58880K, 0% used [0x00000000f8d00000,0x00000000f8d00000,0x00000000fc680000)
 ParOldGen       total 157696K, used 145151K [0x0000000081e00000, 0x000000008b800000, 0x00000000d5f80000)
  object space 157696K, 92% used [0x0000000081e00000,0x000000008abbfe40,0x000000008b800000)
 Metaspace       used 12389K, capacity 12787K, committed 12928K, reserved 1060864K
  class space    used 1289K, capacity 1398K, committed 1408K, reserved 1048576K
}
Event: 81.136 GC heap before
{Heap before GC invocations=66 (full 3):
 PSYoungGen      total 614912K, used 570880K [0x00000000d5f80000, 0x0000000100000000, 0x0000000100000000)
  eden space 570880K, 100% used [0x00000000d5f80000,0x00000000f8d00000,0x00000000f8d00000)
  from space 44032K, 0% used [0x00000000fd500000,0x00000000fd500000,0x0000000100000000)
  to   space 58880K, 0% used [0x00000000f8d00000,0x00000000f8d00000,0x00000000fc680000)
 ParOldGen       total 157696K, used 145151K [0x0000000081e00000, 0x000000008b800000, 0x00000000d5f80000)
  object space 157696K, 92% used [0x0000000081e00000,0x000000008abbfe40,0x000000008b800000)
 Metaspace       used 12389K, capacity 12787K, committed 12928K, reserved 1060864K
  class space    used 1289K, capacity 1398K, committed 1408K, reserved 1048576K
Event: 81.141 GC heap after
Heap after GC invocations=66 (full 3):
 PSYoungGen      total 629760K, used 8928K [0x00000000d5f80000, 0x0000000100000000, 0x0000000100000000)
  eden space 570880K, 0% used [0x00000000d5f80000,0x00000000d5f80000,0x00000000f8d00000)
  from space 58880K, 15% used [0x00000000f8d00000,0x00000000f95b8010,0x00000000fc680000)
  to   space 57856K, 0% used [0x00000000fc780000,0x00000000fc780000,0x0000000100000000)
 ParOldGen       total 157696K, used 145151K [0x0000000081e00000, 0x000000008b800000, 0x00000000d5f80000)
  object space 157696K, 92% used [0x0000000081e00000,0x000000008abbfe40,0x000000008b800000)
 Metaspace       used 12389K, capacity 12787K, committed 12928K, reserved 1060864K
  class space    used 1289K, capacity 1398K, committed 1408K, reserved 1048576K
}

