# JRE version: Java(TM) SE Runtime Environment (8.0_11-b12) (build 1.8.0_11-b12)
# Java VM: Java HotSpot(TM) 64-Bit Server VM (25.11-b03 mixed mode windows-amd64 compressed oops)
Heap:
 PSYoungGen      total 52736K, used 31541K [0x00000000d5f80000, 0x00000000db000000, 0x0000000100000000)
  eden space 49152K, 56% used [0x00000000d5f80000,0x00000000d7ad46f8,0x00000000d8f80000)
  from space 3584K, 99% used [0x00000000d8f80000,0x00000000d92f8f18,0x00000000d9300000)
  to   space 6656K, 0% used [0x00000000da980000,0x00000000da980000,0x00000000db000000)
 ParOldGen       total 129536K, used 18382K [0x0000000081e00000, 0x0000000089c80000, 0x00000000d5f80000)
  object space 129536K, 14% used [0x0000000081e00000,0x0000000082ff3ad8,0x0000000089c80000)
 Metaspace       used 11979K, capacity 12371K, committed 12416K, reserved 1060864K
  class space    used 1256K, capacity 1366K, committed 1408K, reserved 1048576K
GC Heap History (10 events):
Event: 1.418 GC heap before
{Heap before GC invocations=13 (full 0):
 PSYoungGen      total 23552K, used 19712K [0x00000000d5f80000, 0x00000000d7b00000, 0x0000000100000000)
  eden space 18944K, 100% used [0x00000000d5f80000,0x00000000d7200000,0x00000000d7200000)
  from space 4608K, 16% used [0x00000000d7680000,0x00000000d7740000,0x00000000d7b00000)
  to   space 4608K, 0% used [0x00000000d7200000,0x00000000d7200000,0x00000000d7680000)
 ParOldGen       total 129536K, used 10271K [0x0000000081e00000, 0x0000000089c80000, 0x00000000d5f80000)
  object space 129536K, 7% used [0x0000000081e00000,0x0000000082807f08,0x0000000089c80000)
 Metaspace       used 11696K, capacity 12083K, committed 12160K, reserved 1060864K
  class space    used 1237K, capacity 1334K, committed 1408K, reserved 1048576K
Event: 1.419 GC heap after
Heap after GC invocations=13 (full 0):
 PSYoungGen      total 23552K, used 1728K [0x00000000d5f80000, 0x00000000d8580000, 0x0000000100000000)
  eden space 18944K, 0% used [0x00000000d5f80000,0x00000000d5f80000,0x00000000d7200000)
  from space 4608K, 37% used [0x00000000d7200000,0x00000000d73b0000,0x00000000d7680000)
  to   space 4096K, 0% used [0x00000000d8180000,0x00000000d8180000,0x00000000d8580000)
 ParOldGen       total 129536K, used 10504K [0x0000000081e00000, 0x0000000089c80000, 0x00000000d5f80000)
  object space 129536K, 8% used [0x0000000081e00000,0x0000000082842200,0x0000000089c80000)
 Metaspace       used 11696K, capacity 12083K, committed 12160K, reserved 1060864K
  class space    used 1237K, capacity 1334K, committed 1408K, reserved 1048576K
}
Event: 1.477 GC heap before
{Heap before GC invocations=14 (full 0):
 PSYoungGen      total 23552K, used 20649K [0x00000000d5f80000, 0x00000000d8580000, 0x0000000100000000)
  eden space 18944K, 99% used [0x00000000d5f80000,0x00000000d71fa688,0x00000000d7200000)
  from space 4608K, 37% used [0x00000000d7200000,0x00000000d73b0000,0x00000000d7680000)
  to   space 4096K, 0% used [0x00000000d8180000,0x00000000d8180000,0x00000000d8580000)
 ParOldGen       total 129536K, used 10504K [0x0000000081e00000, 0x0000000089c80000, 0x00000000d5f80000)
  object space 129536K, 8% used [0x0000000081e00000,0x0000000082842200,0x0000000089c80000)
 Metaspace       used 11706K, capacity 12083K, committed 12160K, reserved 1060864K
  class space    used 1237K, capacity 1334K, committed 1408K, reserved 1048576K
Event: 1.478 GC heap after
Heap after GC invocations=14 (full 0):
 PSYoungGen      total 34816K, used 1925K [0x00000000d5f80000, 0x00000000d8580000, 0x0000000100000000)
  eden space 30720K, 0% used [0x00000000d5f80000,0x00000000d5f80000,0x00000000d7d80000)
  from space 4096K, 47% used [0x00000000d8180000,0x00000000d8361508,0x00000000d8580000)
  to   space 4096K, 0% used [0x00000000d7d80000,0x00000000d7d80000,0x00000000d8180000)
 ParOldGen       total 129536K, used 10764K [0x0000000081e00000, 0x0000000089c80000, 0x00000000d5f80000)
  object space 129536K, 8% used [0x0000000081e00000,0x0000000082883290,0x0000000089c80000)
 Metaspace       used 11706K, capacity 12083K, committed 12160K, reserved 1060864K
  class space    used 1237K, capacity 1334K, committed 1408K, reserved 1048576K
}
Event: 1.545 GC heap before
{Heap before GC invocations=15 (full 0):
 PSYoungGen      total 34816K, used 32609K [0x00000000d5f80000, 0x00000000d8580000, 0x0000000100000000)
  eden space 30720K, 99% used [0x00000000d5f80000,0x00000000d7d77080,0x00000000d7d80000)
  from space 4096K, 47% used [0x00000000d8180000,0x00000000d8361508,0x00000000d8580000)
  to   space 4096K, 0% used [0x00000000d7d80000,0x00000000d7d80000,0x00000000d8180000)
 ParOldGen       total 129536K, used 10764K [0x0000000081e00000, 0x0000000089c80000, 0x00000000d5f80000)
  object space 129536K, 8% used [0x0000000081e00000,0x0000000082883290,0x0000000089c80000)
 Metaspace       used 11716K, capacity 12083K, committed 12160K, reserved 1060864K
  class space    used 1237K, capacity 1334K, committed 1408K, reserved 1048576K
Event: 1.546 GC heap after
Heap after GC invocations=15 (full 0):
 PSYoungGen      total 34816K, used 1984K [0x00000000d5f80000, 0x00000000d9780000, 0x0000000100000000)
  eden space 30720K, 0% used [0x00000000d5f80000,0x00000000d5f80000,0x00000000d7d80000)
  from space 4096K, 48% used [0x00000000d7d80000,0x00000000d7f70000,0x00000000d8180000)
  to   space 4096K, 0% used [0x00000000d9380000,0x00000000d9380000,0x00000000d9780000)
 ParOldGen       total 129536K, used 10999K [0x0000000081e00000, 0x0000000089c80000, 0x00000000d5f80000)
  object space 129536K, 8% used [0x0000000081e00000,0x00000000828bdd60,0x0000000089c80000)
 Metaspace       used 11716K, capacity 12083K, committed 12160K, reserved 1060864K
  class space    used 1237K, capacity 1334K, committed 1408K, reserved 1048576K
}
Event: 1.610 GC heap before
{Heap before GC invocations=16 (full 0):
 PSYoungGen      total 34816K, used 32680K [0x00000000d5f80000, 0x00000000d9780000, 0x0000000100000000)
  eden space 30720K, 99% used [0x00000000d5f80000,0x00000000d7d7a048,0x00000000d7d80000)
  from space 4096K, 48% used [0x00000000d7d80000,0x00000000d7f70000,0x00000000d8180000)
  to   space 4096K, 0% used [0x00000000d9380000,0x00000000d9380000,0x00000000d9780000)
 ParOldGen       total 129536K, used 10999K [0x0000000081e00000, 0x0000000089c80000, 0x00000000d5f80000)
  object space 129536K, 8% used [0x0000000081e00000,0x00000000828bdd60,0x0000000089c80000)
 Metaspace       used 11736K, capacity 12147K, committed 12416K, reserved 1060864K
  class space    used 1237K, capacity 1334K, committed 1408K, reserved 1048576K
Event: 1.612 GC heap after
Heap after GC invocations=16 (full 0):
 PSYoungGen      total 52224K, used 1861K [0x00000000d5f80000, 0x00000000d9680000, 0x0000000100000000)
  eden space 49152K, 0% used [0x00000000d5f80000,0x00000000d5f80000,0x00000000d8f80000)
  from space 3072K, 60% used [0x00000000d9380000,0x00000000d9551508,0x00000000d9680000)
  to   space 3584K, 0% used [0x00000000d8f80000,0x00000000d8f80000,0x00000000d9300000)
 ParOldGen       total 129536K, used 11291K [0x0000000081e00000, 0x0000000089c80000, 0x00000000d5f80000)
  object space 129536K, 8% used [0x0000000081e00000,0x0000000082906ce0,0x0000000089c80000)
 Metaspace       used 11736K, capacity 12147K, committed 12416K, reserved 1060864K
  class space    used 1237K, capacity 1334K, committed 1408K, reserved 1048576K
}
Event: 1.810 GC heap before
{Heap before GC invocations=17 (full 0):
 PSYoungGen      total 52224K, used 51013K [0x00000000d5f80000, 0x00000000d9680000, 0x0000000100000000)
  eden space 49152K, 100% used [0x00000000d5f80000,0x00000000d8f80000,0x00000000d8f80000)
  from space 3072K, 60% used [0x00000000d9380000,0x00000000d9551508,0x00000000d9680000)
  to   space 3584K, 0% used [0x00000000d8f80000,0x00000000d8f80000,0x00000000d9300000)
 ParOldGen       total 129536K, used 11291K [0x0000000081e00000, 0x0000000089c80000, 0x00000000d5f80000)
  object space 129536K, 8% used [0x0000000081e00000,0x0000000082906ce0,0x0000000089c80000)
 Metaspace       used 11929K, capacity 12371K, committed 12416K, reserved 1060864K
  class space    used 1251K, capacity 1366K, committed 1408K, reserved 1048576K
Event: 1.816 GC heap after
Heap after GC invocations=17 (full 0):
 PSYoungGen      total 52736K, used 3555K [0x00000000d5f80000, 0x00000000db000000, 0x0000000100000000)
  eden space 49152K, 0% used [0x00000000d5f80000,0x00000000d5f80000,0x00000000d8f80000)
  from space 3584K, 99% used [0x00000000d8f80000,0x00000000d92f8f18,0x00000000d9300000)
  to   space 6656K, 0% used [0x00000000da980000,0x00000000da980000,0x00000000db000000)
 ParOldGen       total 129536K, used 18382K [0x0000000081e00000, 0x0000000089c80000, 0x00000000d5f80000)
  object space 129536K, 14% used [0x0000000081e00000,0x0000000082ff3ad8,0x0000000089c80000)
 Metaspace       used 11929K, capacity 12371K, committed 12416K, reserved 1060864K
  class space    used 1251K, capacity 1366K, committed 1408K, reserved 1048576K
}

