# JRE version: Java(TM) SE Runtime Environment (8.0_11-b12) (build 1.8.0_11-b12)
# Java VM: Java HotSpot(TM) 64-Bit Server VM (25.11-b03 mixed mode windows-amd64 compressed oops)
Heap:
 PSYoungGen      total 674304K, used 8355K [0x00000000d5f80000, 0x00000000fff80000, 0x0000000100000000)
  eden space 661504K, 0% used [0x00000000d5f80000,0x00000000d5fab880,0x00000000fe580000)
  from space 12800K, 63% used [0x00000000fe580000,0x00000000fed7d3c0,0x00000000ff200000)
  to   space 12288K, 0% used [0x00000000ff380000,0x00000000ff380000,0x00000000fff80000)
 ParOldGen       total 149504K, used 129632K [0x0000000081e00000, 0x000000008b000000, 0x00000000d5f80000)
  object space 149504K, 86% used [0x0000000081e00000,0x0000000089c98378,0x000000008b000000)
 Metaspace       used 12381K, capacity 12787K, committed 12928K, reserved 1060864K
  class space    used 1288K, capacity 1398K, committed 1408K, reserved 1048576K
GC Heap History (10 events):
Event: 73.031 GC heap before
{Heap before GC invocations=52 (full 1):
 PSYoungGen      total 671744K, used 665636K [0x00000000d5f80000, 0x00000000ffe80000, 0x0000000100000000)
  eden space 657408K, 100% used [0x00000000d5f80000,0x00000000fe180000,0x00000000fe180000)
  from space 14336K, 57% used [0x00000000ff080000,0x00000000ff8893b0,0x00000000ffe80000)
  to   space 14848K, 0% used [0x00000000fe180000,0x00000000fe180000,0x00000000ff000000)
 ParOldGen       total 149504K, used 129632K [0x0000000081e00000, 0x000000008b000000, 0x00000000d5f80000)
  object space 149504K, 86% used [0x0000000081e00000,0x0000000089c98378,0x000000008b000000)
 Metaspace       used 12381K, capacity 12787K, committed 12928K, reserved 1060864K
  class space    used 1288K, capacity 1398K, committed 1408K, reserved 1048576K
Event: 73.036 GC heap after
Heap after GC invocations=52 (full 1):
 PSYoungGen      total 672256K, used 8139K [0x00000000d5f80000, 0x00000000fff80000, 0x0000000100000000)
  eden space 657408K, 0% used [0x00000000d5f80000,0x00000000d5f80000,0x00000000fe180000)
  from space 14848K, 54% used [0x00000000fe180000,0x00000000fe972ec0,0x00000000ff000000)
  to   space 14336K, 0% used [0x00000000ff180000,0x00000000ff180000,0x00000000fff80000)
 ParOldGen       total 149504K, used 129632K [0x0000000081e00000, 0x000000008b000000, 0x00000000d5f80000)
  object space 149504K, 86% used [0x0000000081e00000,0x0000000089c98378,0x000000008b000000)
 Metaspace       used 12381K, capacity 12787K, committed 12928K, reserved 1060864K
  class space    used 1288K, capacity 1398K, committed 1408K, reserved 1048576K
}
Event: 81.624 GC heap before
{Heap before GC invocations=53 (full 1):
 PSYoungGen      total 672256K, used 665547K [0x00000000d5f80000, 0x00000000fff80000, 0x0000000100000000)
  eden space 657408K, 100% used [0x00000000d5f80000,0x00000000fe180000,0x00000000fe180000)
  from space 14848K, 54% used [0x00000000fe180000,0x00000000fe972ec0,0x00000000ff000000)
  to   space 14336K, 0% used [0x00000000ff180000,0x00000000ff180000,0x00000000fff80000)
 ParOldGen       total 149504K, used 129632K [0x0000000081e00000, 0x000000008b000000, 0x00000000d5f80000)
  object space 149504K, 86% used [0x0000000081e00000,0x0000000089c98378,0x000000008b000000)
 Metaspace       used 12381K, capacity 12787K, committed 12928K, reserved 1060864K
  class space    used 1288K, capacity 1398K, committed 1408K, reserved 1048576K
Event: 81.635 GC heap after
Heap after GC invocations=53 (full 1):
 PSYoungGen      total 672768K, used 8292K [0x00000000d5f80000, 0x00000000ffe80000, 0x0000000100000000)
  eden space 659456K, 0% used [0x00000000d5f80000,0x00000000d5f80000,0x00000000fe380000)
  from space 13312K, 62% used [0x00000000ff180000,0x00000000ff9993b0,0x00000000ffe80000)
  to   space 13824K, 0% used [0x00000000fe380000,0x00000000fe380000,0x00000000ff100000)
 ParOldGen       total 149504K, used 129632K [0x0000000081e00000, 0x000000008b000000, 0x00000000d5f80000)
  object space 149504K, 86% used [0x0000000081e00000,0x0000000089c98378,0x000000008b000000)
 Metaspace       used 12381K, capacity 12787K, committed 12928K, reserved 1060864K
  class space    used 1288K, capacity 1398K, committed 1408K, reserved 1048576K
}
Event: 94.142 GC heap before
{Heap before GC invocations=54 (full 1):
 PSYoungGen      total 672768K, used 667748K [0x00000000d5f80000, 0x00000000ffe80000, 0x0000000100000000)
  eden space 659456K, 100% used [0x00000000d5f80000,0x00000000fe380000,0x00000000fe380000)
  from space 13312K, 62% used [0x00000000ff180000,0x00000000ff9993b0,0x00000000ffe80000)
  to   space 13824K, 0% used [0x00000000fe380000,0x00000000fe380000,0x00000000ff100000)
 ParOldGen       total 149504K, used 129632K [0x0000000081e00000, 0x000000008b000000, 0x00000000d5f80000)
  object space 149504K, 86% used [0x0000000081e00000,0x0000000089c98378,0x000000008b000000)
 Metaspace       used 12381K, capacity 12787K, committed 12928K, reserved 1060864K
  class space    used 1288K, capacity 1398K, committed 1408K, reserved 1048576K
Event: 94.146 GC heap after
Heap after GC invocations=54 (full 1):
 PSYoungGen      total 673280K, used 8164K [0x00000000d5f80000, 0x00000000fff80000, 0x0000000100000000)
  eden space 659456K, 0% used [0x00000000d5f80000,0x00000000d5f80000,0x00000000fe380000)
  from space 13824K, 59% used [0x00000000fe380000,0x00000000feb793b0,0x00000000ff100000)
  to   space 13312K, 0% used [0x00000000ff280000,0x00000000ff280000,0x00000000fff80000)
 ParOldGen       total 149504K, used 129632K [0x0000000081e00000, 0x000000008b000000, 0x00000000d5f80000)
  object space 149504K, 86% used [0x0000000081e00000,0x0000000089c98378,0x000000008b000000)
 Metaspace       used 12381K, capacity 12787K, committed 12928K, reserved 1060864K
  class space    used 1288K, capacity 1398K, committed 1408K, reserved 1048576K
}
Event: 106.748 GC heap before
{Heap before GC invocations=55 (full 1):
 PSYoungGen      total 673280K, used 667620K [0x00000000d5f80000, 0x00000000fff80000, 0x0000000100000000)
  eden space 659456K, 100% used [0x00000000d5f80000,0x00000000fe380000,0x00000000fe380000)
  from space 13824K, 59% used [0x00000000fe380000,0x00000000feb793b0,0x00000000ff100000)
  to   space 13312K, 0% used [0x00000000ff280000,0x00000000ff280000,0x00000000fff80000)
 ParOldGen       total 149504K, used 129632K [0x0000000081e00000, 0x000000008b000000, 0x00000000d5f80000)
  object space 149504K, 86% used [0x0000000081e00000,0x0000000089c98378,0x000000008b000000)
 Metaspace       used 12381K, capacity 12787K, committed 12928K, reserved 1060864K
  class space    used 1288K, capacity 1398K, committed 1408K, reserved 1048576K
Event: 106.758 GC heap after
Heap after GC invocations=55 (full 1):
 PSYoungGen      total 673792K, used 8260K [0x00000000d5f80000, 0x00000000ffe80000, 0x0000000100000000)
  eden space 661504K, 0% used [0x00000000d5f80000,0x00000000d5f80000,0x00000000fe580000)
  from space 12288K, 67% used [0x00000000ff280000,0x00000000ffa913b0,0x00000000ffe80000)
  to   space 12800K, 0% used [0x00000000fe580000,0x00000000fe580000,0x00000000ff200000)
 ParOldGen       total 149504K, used 129632K [0x0000000081e00000, 0x000000008b000000, 0x00000000d5f80000)
  object space 149504K, 86% used [0x0000000081e00000,0x0000000089c98378,0x000000008b000000)
 Metaspace       used 12381K, capacity 12787K, committed 12928K, reserved 1060864K
  class space    used 1288K, capacity 1398K, committed 1408K, reserved 1048576K
}
Event: 119.460 GC heap before
{Heap before GC invocations=56 (full 1):
 PSYoungGen      total 673792K, used 669764K [0x00000000d5f80000, 0x00000000ffe80000, 0x0000000100000000)
  eden space 661504K, 100% used [0x00000000d5f80000,0x00000000fe580000,0x00000000fe580000)
  from space 12288K, 67% used [0x00000000ff280000,0x00000000ffa913b0,0x00000000ffe80000)
  to   space 12800K, 0% used [0x00000000fe580000,0x00000000fe580000,0x00000000ff200000)
 ParOldGen       total 149504K, used 129632K [0x0000000081e00000, 0x000000008b000000, 0x00000000d5f80000)
  object space 149504K, 86% used [0x0000000081e00000,0x0000000089c98378,0x000000008b000000)
 Metaspace       used 12381K, capacity 12787K, committed 12928K, reserved 1060864K
  class space    used 1288K, capacity 1398K, committed 1408K, reserved 1048576K
Event: 119.464 GC heap after
Heap after GC invocations=56 (full 1):
 PSYoungGen      total 674304K, used 8180K [0x00000000d5f80000, 0x00000000fff80000, 0x0000000100000000)
  eden space 661504K, 0% used [0x00000000d5f80000,0x00000000d5f80000,0x00000000fe580000)
  from space 12800K, 63% used [0x00000000fe580000,0x00000000fed7d3c0,0x00000000ff200000)
  to   space 12288K, 0% used [0x00000000ff380000,0x00000000ff380000,0x00000000fff80000)
 ParOldGen       total 149504K, used 129632K [0x0000000081e00000, 0x000000008b000000, 0x00000000d5f80000)
  object space 149504K, 86% used [0x0000000081e00000,0x0000000089c98378,0x000000008b000000)
 Metaspace       used 12381K, capacity 12787K, committed 12928K, reserved 1060864K
  class space    used 1288K, capacity 1398K, committed 1408K, reserved 1048576K
}

