# JRE version: Java(TM) SE Runtime Environment (8.0_11-b12) (build 1.8.0_11-b12)
# Java VM: Java HotSpot(TM) 64-Bit Server VM (25.11-b03 mixed mode windows-amd64 compressed oops)
Heap:
 PSYoungGen      total 52224K, used 48614K [0x00000000d5f80000, 0x00000000d9580000, 0x0000000100000000)
  eden space 49152K, 94% used [0x00000000d5f80000,0x00000000d8cfa088,0x00000000d8f80000)
  from space 3072K, 66% used [0x00000000d9280000,0x00000000d947fa10,0x00000000d9580000)
  to   space 3072K, 0% used [0x00000000d8f80000,0x00000000d8f80000,0x00000000d9280000)
 ParOldGen       total 129536K, used 11382K [0x0000000081e00000, 0x0000000089c80000, 0x00000000d5f80000)
  object space 129536K, 8% used [0x0000000081e00000,0x000000008291d990,0x0000000089c80000)
 Metaspace       used 9291K, capacity 9639K, committed 9856K, reserved 1058816K
  class space    used 962K, capacity 1036K, committed 1152K, reserved 1048576K
GC Heap History (10 events):
Event: 1.050 GC heap before
{Heap before GC invocations=12 (full 0):
 PSYoungGen      total 15872K, used 13678K [0x00000000d5f80000, 0x00000000d7900000, 0x0000000100000000)
  eden space 11776K, 100% used [0x00000000d5f80000,0x00000000d6b00000,0x00000000d6b00000)
  from space 4096K, 46% used [0x00000000d6b00000,0x00000000d6cdbb88,0x00000000d6f00000)
  to   space 3584K, 0% used [0x00000000d7580000,0x00000000d7580000,0x00000000d7900000)
 ParOldGen       total 129536K, used 10105K [0x0000000081e00000, 0x0000000089c80000, 0x00000000d5f80000)
  object space 129536K, 7% used [0x0000000081e00000,0x00000000827de588,0x0000000089c80000)
 Metaspace       used 9043K, capacity 9447K, committed 9600K, reserved 1058816K
  class space    used 949K, capacity 1036K, committed 1152K, reserved 1048576K
Event: 1.054 GC heap after
Heap after GC invocations=12 (full 0):
 PSYoungGen      total 22528K, used 1664K [0x00000000d5f80000, 0x00000000d7900000, 0x0000000100000000)
  eden space 18944K, 0% used [0x00000000d5f80000,0x00000000d5f80000,0x00000000d7200000)
  from space 3584K, 46% used [0x00000000d7580000,0x00000000d7720000,0x00000000d7900000)
  to   space 3584K, 0% used [0x00000000d7200000,0x00000000d7200000,0x00000000d7580000)
 ParOldGen       total 129536K, used 10412K [0x0000000081e00000, 0x0000000089c80000, 0x00000000d5f80000)
  object space 129536K, 8% used [0x0000000081e00000,0x000000008282b048,0x0000000089c80000)
 Metaspace       used 9043K, capacity 9447K, committed 9600K, reserved 1058816K
  class space    used 949K, capacity 1036K, committed 1152K, reserved 1048576K
}
Event: 1.110 GC heap before
{Heap before GC invocations=13 (full 0):
 PSYoungGen      total 22528K, used 20608K [0x00000000d5f80000, 0x00000000d7900000, 0x0000000100000000)
  eden space 18944K, 100% used [0x00000000d5f80000,0x00000000d7200000,0x00000000d7200000)
  from space 3584K, 46% used [0x00000000d7580000,0x00000000d7720000,0x00000000d7900000)
  to   space 3584K, 0% used [0x00000000d7200000,0x00000000d7200000,0x00000000d7580000)
 ParOldGen       total 129536K, used 10412K [0x0000000081e00000, 0x0000000089c80000, 0x00000000d5f80000)
  object space 129536K, 8% used [0x0000000081e00000,0x000000008282b048,0x0000000089c80000)
 Metaspace       used 9047K, capacity 9447K, committed 9600K, reserved 1058816K
  class space    used 949K, capacity 1036K, committed 1152K, reserved 1048576K
Event: 1.111 GC heap after
Heap after GC invocations=13 (full 0):
 PSYoungGen      total 22528K, used 1600K [0x00000000d5f80000, 0x00000000d8480000, 0x0000000100000000)
  eden space 18944K, 0% used [0x00000000d5f80000,0x00000000d5f80000,0x00000000d7200000)
  from space 3584K, 44% used [0x00000000d7200000,0x00000000d7390000,0x00000000d7580000)
  to   space 3584K, 0% used [0x00000000d8100000,0x00000000d8100000,0x00000000d8480000)
 ParOldGen       total 129536K, used 10673K [0x0000000081e00000, 0x0000000089c80000, 0x00000000d5f80000)
  object space 129536K, 8% used [0x0000000081e00000,0x000000008286c520,0x0000000089c80000)
 Metaspace       used 9047K, capacity 9447K, committed 9600K, reserved 1058816K
  class space    used 949K, capacity 1036K, committed 1152K, reserved 1048576K
}
Event: 1.166 GC heap before
{Heap before GC invocations=14 (full 0):
 PSYoungGen      total 22528K, used 20544K [0x00000000d5f80000, 0x00000000d8480000, 0x0000000100000000)
  eden space 18944K, 100% used [0x00000000d5f80000,0x00000000d7200000,0x00000000d7200000)
  from space 3584K, 44% used [0x00000000d7200000,0x00000000d7390000,0x00000000d7580000)
  to   space 3584K, 0% used [0x00000000d8100000,0x00000000d8100000,0x00000000d8480000)
 ParOldGen       total 129536K, used 10673K [0x0000000081e00000, 0x0000000089c80000, 0x00000000d5f80000)
  object space 129536K, 8% used [0x0000000081e00000,0x000000008286c520,0x0000000089c80000)
 Metaspace       used 9060K, capacity 9447K, committed 9600K, reserved 1058816K
  class space    used 949K, capacity 1036K, committed 1152K, reserved 1048576K
Event: 1.167 GC heap after
Heap after GC invocations=14 (full 0):
 PSYoungGen      total 34304K, used 1664K [0x00000000d5f80000, 0x00000000d8480000, 0x0000000100000000)
  eden space 30720K, 0% used [0x00000000d5f80000,0x00000000d5f80000,0x00000000d7d80000)
  from space 3584K, 46% used [0x00000000d8100000,0x00000000d82a0000,0x00000000d8480000)
  to   space 3584K, 0% used [0x00000000d7d80000,0x00000000d7d80000,0x00000000d8100000)
 ParOldGen       total 129536K, used 10897K [0x0000000081e00000, 0x0000000089c80000, 0x00000000d5f80000)
  object space 129536K, 8% used [0x0000000081e00000,0x00000000828a4520,0x0000000089c80000)
 Metaspace       used 9060K, capacity 9447K, committed 9600K, reserved 1058816K
  class space    used 949K, capacity 1036K, committed 1152K, reserved 1048576K
}
Event: 1.252 GC heap before
{Heap before GC invocations=15 (full 0):
 PSYoungGen      total 34304K, used 32384K [0x00000000d5f80000, 0x00000000d8480000, 0x0000000100000000)
  eden space 30720K, 100% used [0x00000000d5f80000,0x00000000d7d80000,0x00000000d7d80000)
  from space 3584K, 46% used [0x00000000d8100000,0x00000000d82a0000,0x00000000d8480000)
  to   space 3584K, 0% used [0x00000000d7d80000,0x00000000d7d80000,0x00000000d8100000)
 ParOldGen       total 129536K, used 10897K [0x0000000081e00000, 0x0000000089c80000, 0x00000000d5f80000)
  object space 129536K, 8% used [0x0000000081e00000,0x00000000828a4520,0x0000000089c80000)
 Metaspace       used 9073K, capacity 9447K, committed 9600K, reserved 1058816K
  class space    used 949K, capacity 1036K, committed 1152K, reserved 1048576K
Event: 1.253 GC heap after
Heap after GC invocations=15 (full 0):
 PSYoungGen      total 34304K, used 1824K [0x00000000d5f80000, 0x00000000d9580000, 0x0000000100000000)
  eden space 30720K, 0% used [0x00000000d5f80000,0x00000000d5f80000,0x00000000d7d80000)
  from space 3584K, 50% used [0x00000000d7d80000,0x00000000d7f48000,0x00000000d8100000)
  to   space 3072K, 0% used [0x00000000d9280000,0x00000000d9280000,0x00000000d9580000)
 ParOldGen       total 129536K, used 11149K [0x0000000081e00000, 0x0000000089c80000, 0x00000000d5f80000)
  object space 129536K, 8% used [0x0000000081e00000,0x00000000828e34b8,0x0000000089c80000)
 Metaspace       used 9073K, capacity 9447K, committed 9600K, reserved 1058816K
  class space    used 949K, capacity 1036K, committed 1152K, reserved 1048576K
}
Event: 1.323 GC heap before
{Heap before GC invocations=16 (full 0):
 PSYoungGen      total 34304K, used 32511K [0x00000000d5f80000, 0x00000000d9580000, 0x0000000100000000)
  eden space 30720K, 99% used [0x00000000d5f80000,0x00000000d7d77fe0,0x00000000d7d80000)
  from space 3584K, 50% used [0x00000000d7d80000,0x00000000d7f48000,0x00000000d8100000)
  to   space 3072K, 0% used [0x00000000d9280000,0x00000000d9280000,0x00000000d9580000)
 ParOldGen       total 129536K, used 11149K [0x0000000081e00000, 0x0000000089c80000, 0x00000000d5f80000)
  object space 129536K, 8% used [0x0000000081e00000,0x00000000828e34b8,0x0000000089c80000)
 Metaspace       used 9092K, capacity 9447K, committed 9600K, reserved 1058816K
  class space    used 949K, capacity 1036K, committed 1152K, reserved 1048576K
Event: 1.325 GC heap after
Heap after GC invocations=16 (full 0):
 PSYoungGen      total 52224K, used 2046K [0x00000000d5f80000, 0x00000000d9580000, 0x0000000100000000)
  eden space 49152K, 0% used [0x00000000d5f80000,0x00000000d5f80000,0x00000000d8f80000)
  from space 3072K, 66% used [0x00000000d9280000,0x00000000d947fa10,0x00000000d9580000)
  to   space 3072K, 0% used [0x00000000d8f80000,0x00000000d8f80000,0x00000000d9280000)
 ParOldGen       total 129536K, used 11382K [0x0000000081e00000, 0x0000000089c80000, 0x00000000d5f80000)
  object space 129536K, 8% used [0x0000000081e00000,0x000000008291d990,0x0000000089c80000)
 Metaspace       used 9092K, capacity 9447K, committed 9600K, reserved 1058816K
  class space    used 949K, capacity 1036K, committed 1152K, reserved 1048576K
}

