# JRE version: Java(TM) SE Runtime Environment (8.0_11-b12) (build 1.8.0_11-b12)
# Java VM: Java HotSpot(TM) 64-Bit Server VM (25.11-b03 mixed mode windows-amd64 compressed oops)
Heap:
 PSYoungGen      total 623104K, used 105672K [0x00000000d5f80000, 0x00000000ffd80000, 0x0000000100000000)
  eden space 564224K, 12% used [0x00000000d5f80000,0x00000000da372228,0x00000000f8680000)
  from space 58880K, 61% used [0x00000000fc400000,0x00000000fe740000,0x00000000ffd80000)
  to   space 60928K, 0% used [0x00000000f8680000,0x00000000f8680000,0x00000000fc200000)
 ParOldGen       total 163840K, used 145613K [0x0000000081e00000, 0x000000008be00000, 0x00000000d5f80000)
  object space 163840K, 88% used [0x0000000081e00000,0x000000008ac334e0,0x000000008be00000)
 Metaspace       used 12386K, capacity 12787K, committed 12928K, reserved 1060864K
  class space    used 1289K, capacity 1398K, committed 1408K, reserved 1048576K
GC Heap History (10 events):
Event: 56.582 GC heap before
{Heap before GC invocations=68 (full 4):
 PSYoungGen      total 604672K, used 52192K [0x00000000d5f80000, 0x0000000100000000, 0x0000000100000000)
  eden space 552448K, 0% used [0x00000000d5f80000,0x00000000d5f80000,0x00000000f7b00000)
  from space 52224K, 99% used [0x00000000fcd00000,0x00000000ffff8010,0x0000000100000000)
  to   space 68096K, 0% used [0x00000000f7b00000,0x00000000f7b00000,0x00000000fbd80000)
 ParOldGen       total 157696K, used 157517K [0x0000000081e00000, 0x000000008b800000, 0x00000000d5f80000)
  object space 157696K, 99% used [0x0000000081e00000,0x000000008b7d3520,0x000000008b800000)
 Metaspace       used 12386K, capacity 12787K, committed 12928K, reserved 1060864K
  class space    used 1289K, capacity 1398K, committed 1408K, reserved 1048576K
Event: 56.732 GC heap after
Heap after GC invocations=68 (full 4):
 PSYoungGen      total 604672K, used 0K [0x00000000d5f80000, 0x0000000100000000, 0x0000000100000000)
  eden space 552448K, 0% used [0x00000000d5f80000,0x00000000d5f80000,0x00000000f7b00000)
  from space 52224K, 0% used [0x00000000fcd00000,0x00000000fcd00000,0x0000000100000000)
  to   space 68096K, 0% used [0x00000000f7b00000,0x00000000f7b00000,0x00000000fbd80000)
 ParOldGen       total 163840K, used 145613K [0x0000000081e00000, 0x000000008be00000, 0x00000000d5f80000)
  object space 163840K, 88% used [0x0000000081e00000,0x000000008ac334e0,0x000000008be00000)
 Metaspace       used 12386K, capacity 12787K, committed 12928K, reserved 1060864K
  class space    used 1289K, capacity 1398K, committed 1408K, reserved 1048576K
}
Event: 58.690 GC heap before
{Heap before GC invocations=69 (full 4):
 PSYoungGen      total 604672K, used 552448K [0x00000000d5f80000, 0x0000000100000000, 0x0000000100000000)
  eden space 552448K, 100% used [0x00000000d5f80000,0x00000000f7b00000,0x00000000f7b00000)
  from space 52224K, 0% used [0x00000000fcd00000,0x00000000fcd00000,0x0000000100000000)
  to   space 68096K, 0% used [0x00000000f7b00000,0x00000000f7b00000,0x00000000fbd80000)
 ParOldGen       total 163840K, used 145613K [0x0000000081e00000, 0x000000008be00000, 0x00000000d5f80000)
  object space 163840K, 88% used [0x0000000081e00000,0x000000008ac334e0,0x000000008be00000)
 Metaspace       used 12386K, capacity 12787K, committed 12928K, reserved 1060864K
  class space    used 1289K, capacity 1398K, committed 1408K, reserved 1048576K
Event: 58.698 GC heap after
Heap after GC invocations=69 (full 4):
 PSYoungGen      total 620544K, used 15232K [0x00000000d5f80000, 0x0000000100000000, 0x0000000100000000)
  eden space 552448K, 0% used [0x00000000d5f80000,0x00000000d5f80000,0x00000000f7b00000)
  from space 68096K, 22% used [0x00000000f7b00000,0x00000000f89e0000,0x00000000fbd80000)
  to   space 66560K, 0% used [0x00000000fbf00000,0x00000000fbf00000,0x0000000100000000)
 ParOldGen       total 163840K, used 145613K [0x0000000081e00000, 0x000000008be00000, 0x00000000d5f80000)
  object space 163840K, 88% used [0x0000000081e00000,0x000000008ac334e0,0x000000008be00000)
 Metaspace       used 12386K, capacity 12787K, committed 12928K, reserved 1060864K
  class space    used 1289K, capacity 1398K, committed 1408K, reserved 1048576K
}
Event: 59.139 GC heap before
{Heap before GC invocations=70 (full 4):
 PSYoungGen      total 620544K, used 567680K [0x00000000d5f80000, 0x0000000100000000, 0x0000000100000000)
  eden space 552448K, 100% used [0x00000000d5f80000,0x00000000f7b00000,0x00000000f7b00000)
  from space 68096K, 22% used [0x00000000f7b00000,0x00000000f89e0000,0x00000000fbd80000)
  to   space 66560K, 0% used [0x00000000fbf00000,0x00000000fbf00000,0x0000000100000000)
 ParOldGen       total 163840K, used 145613K [0x0000000081e00000, 0x000000008be00000, 0x00000000d5f80000)
  object space 163840K, 88% used [0x0000000081e00000,0x000000008ac334e0,0x000000008be00000)
 Metaspace       used 12386K, capacity 12787K, committed 12928K, reserved 1060864K
  class space    used 1289K, capacity 1398K, committed 1408K, reserved 1048576K
Event: 59.151 GC heap after
Heap after GC invocations=70 (full 4):
 PSYoungGen      total 612864K, used 23103K [0x00000000d5f80000, 0x00000000ff880000, 0x0000000100000000)
  eden space 553984K, 0% used [0x00000000d5f80000,0x00000000d5f80000,0x00000000f7c80000)
  from space 58880K, 39% used [0x00000000fbf00000,0x00000000fd58fca0,0x00000000ff880000)
  to   space 63488K, 0% used [0x00000000f7c80000,0x00000000f7c80000,0x00000000fba80000)
 ParOldGen       total 163840K, used 145613K [0x0000000081e00000, 0x000000008be00000, 0x00000000d5f80000)
  object space 163840K, 88% used [0x0000000081e00000,0x000000008ac334e0,0x000000008be00000)
 Metaspace       used 12386K, capacity 12787K, committed 12928K, reserved 1060864K
  class space    used 1289K, capacity 1398K, committed 1408K, reserved 1048576K
}
Event: 59.646 GC heap before
{Heap before GC invocations=71 (full 4):
 PSYoungGen      total 612864K, used 577087K [0x00000000d5f80000, 0x00000000ff880000, 0x0000000100000000)
  eden space 553984K, 100% used [0x00000000d5f80000,0x00000000f7c80000,0x00000000f7c80000)
  from space 58880K, 39% used [0x00000000fbf00000,0x00000000fd58fca0,0x00000000ff880000)
  to   space 63488K, 0% used [0x00000000f7c80000,0x00000000f7c80000,0x00000000fba80000)
 ParOldGen       total 163840K, used 145613K [0x0000000081e00000, 0x000000008be00000, 0x00000000d5f80000)
  object space 163840K, 88% used [0x0000000081e00000,0x000000008ac334e0,0x000000008be00000)
 Metaspace       used 12386K, capacity 12787K, committed 12928K, reserved 1060864K
  class space    used 1289K, capacity 1398K, committed 1408K, reserved 1048576K
Event: 59.660 GC heap after
Heap after GC invocations=71 (full 4):
 PSYoungGen      total 617472K, used 29600K [0x00000000d5f80000, 0x00000000fff80000, 0x0000000100000000)
  eden space 553984K, 0% used [0x00000000d5f80000,0x00000000d5f80000,0x00000000f7c80000)
  from space 63488K, 46% used [0x00000000f7c80000,0x00000000f9968000,0x00000000fba80000)
  to   space 60928K, 0% used [0x00000000fc400000,0x00000000fc400000,0x00000000fff80000)
 ParOldGen       total 163840K, used 145613K [0x0000000081e00000, 0x000000008be00000, 0x00000000d5f80000)
  object space 163840K, 88% used [0x0000000081e00000,0x000000008ac334e0,0x000000008be00000)
 Metaspace       used 12386K, capacity 12787K, committed 12928K, reserved 1060864K
  class space    used 1289K, capacity 1398K, committed 1408K, reserved 1048576K
}
Event: 60.341 GC heap before
{Heap before GC invocations=72 (full 4):
 PSYoungGen      total 617472K, used 583584K [0x00000000d5f80000, 0x00000000fff80000, 0x0000000100000000)
  eden space 553984K, 100% used [0x00000000d5f80000,0x00000000f7c80000,0x00000000f7c80000)
  from space 63488K, 46% used [0x00000000f7c80000,0x00000000f9968000,0x00000000fba80000)
  to   space 60928K, 0% used [0x00000000fc400000,0x00000000fc400000,0x00000000fff80000)
 ParOldGen       total 163840K, used 145613K [0x0000000081e00000, 0x000000008be00000, 0x00000000d5f80000)
  object space 163840K, 88% used [0x0000000081e00000,0x000000008ac334e0,0x000000008be00000)
 Metaspace       used 12386K, capacity 12787K, committed 12928K, reserved 1060864K
  class space    used 1289K, capacity 1398K, committed 1408K, reserved 1048576K
Event: 60.362 GC heap after
Heap after GC invocations=72 (full 4):
 PSYoungGen      total 623104K, used 36096K [0x00000000d5f80000, 0x00000000ffd80000, 0x0000000100000000)
  eden space 564224K, 0% used [0x00000000d5f80000,0x00000000d5f80000,0x00000000f8680000)
  from space 58880K, 61% used [0x00000000fc400000,0x00000000fe740000,0x00000000ffd80000)
  to   space 60928K, 0% used [0x00000000f8680000,0x00000000f8680000,0x00000000fc200000)
 ParOldGen       total 163840K, used 145613K [0x0000000081e00000, 0x000000008be00000, 0x00000000d5f80000)
  object space 163840K, 88% used [0x0000000081e00000,0x000000008ac334e0,0x000000008be00000)
 Metaspace       used 12386K, capacity 12787K, committed 12928K, reserved 1060864K
  class space    used 1289K, capacity 1398K, committed 1408K, reserved 1048576K
}

