# JRE version: Java(TM) SE Runtime Environment (8.0_11-b12) (build 1.8.0_11-b12)
# Java VM: Java HotSpot(TM) 64-Bit Server VM (25.11-b03 mixed mode windows-amd64 compressed oops)
Heap:
 PSYoungGen      total 608256K, used 26549K [0x00000000d5f80000, 0x00000000ff680000, 0x0000000100000000)
  eden space 535040K, 0% used [0x00000000d5f80000,0x00000000d5fc5620,0x00000000f6a00000)
  from space 73216K, 35% used [0x00000000fae80000,0x00000000fc828000,0x00000000ff600000)
  to   space 70144K, 0% used [0x00000000f6a00000,0x00000000f6a00000,0x00000000fae80000)
 ParOldGen       total 176640K, used 157627K [0x0000000081e00000, 0x000000008ca80000, 0x00000000d5f80000)
  object space 176640K, 89% used [0x0000000081e00000,0x000000008b7eeff0,0x000000008ca80000)
 Metaspace       used 12393K, capacity 12787K, committed 12928K, reserved 1060864K
  class space    used 1288K, capacity 1398K, committed 1408K, reserved 1048576K
GC Heap History (10 events):
Event: 56.553 GC heap before
{Heap before GC invocations=74 (full 4):
 PSYoungGen      total 584192K, used 517216K [0x00000000d5f80000, 0x00000000ff600000, 0x0000000100000000)
  eden space 493056K, 100% used [0x00000000d5f80000,0x00000000f4100000,0x00000000f4100000)
  from space 91136K, 26% used [0x00000000f4100000,0x00000000f5898000,0x00000000f9a00000)
  to   space 87552K, 0% used [0x00000000fa080000,0x00000000fa080000,0x00000000ff600000)
 ParOldGen       total 176640K, used 157627K [0x0000000081e00000, 0x000000008ca80000, 0x00000000d5f80000)
  object space 176640K, 89% used [0x0000000081e00000,0x000000008b7eeff0,0x000000008ca80000)
 Metaspace       used 12393K, capacity 12787K, committed 12928K, reserved 1060864K
  class space    used 1288K, capacity 1398K, committed 1408K, reserved 1048576K
Event: 56.567 GC heap after
Heap after GC invocations=74 (full 4):
 PSYoungGen      total 593920K, used 24448K [0x00000000d5f80000, 0x00000000ff580000, 0x0000000100000000)
  eden space 506880K, 0% used [0x00000000d5f80000,0x00000000d5f80000,0x00000000f4e80000)
  from space 87040K, 28% used [0x00000000fa080000,0x00000000fb860000,0x00000000ff580000)
  to   space 83968K, 0% used [0x00000000f4e80000,0x00000000f4e80000,0x00000000fa080000)
 ParOldGen       total 176640K, used 157627K [0x0000000081e00000, 0x000000008ca80000, 0x00000000d5f80000)
  object space 176640K, 89% used [0x0000000081e00000,0x000000008b7eeff0,0x000000008ca80000)
 Metaspace       used 12393K, capacity 12787K, committed 12928K, reserved 1060864K
  class space    used 1288K, capacity 1398K, committed 1408K, reserved 1048576K
}
Event: 58.436 GC heap before
{Heap before GC invocations=75 (full 4):
 PSYoungGen      total 593920K, used 531328K [0x00000000d5f80000, 0x00000000ff580000, 0x0000000100000000)
  eden space 506880K, 100% used [0x00000000d5f80000,0x00000000f4e80000,0x00000000f4e80000)
  from space 87040K, 28% used [0x00000000fa080000,0x00000000fb860000,0x00000000ff580000)
  to   space 83968K, 0% used [0x00000000f4e80000,0x00000000f4e80000,0x00000000fa080000)
 ParOldGen       total 176640K, used 157627K [0x0000000081e00000, 0x000000008ca80000, 0x00000000d5f80000)
  object space 176640K, 89% used [0x0000000081e00000,0x000000008b7eeff0,0x000000008ca80000)
 Metaspace       used 12393K, capacity 12787K, committed 12928K, reserved 1060864K
  class space    used 1288K, capacity 1398K, committed 1408K, reserved 1048576K
Event: 58.450 GC heap after
Heap after GC invocations=75 (full 4):
 PSYoungGen      total 590848K, used 24832K [0x00000000d5f80000, 0x00000000ff600000, 0x0000000100000000)
  eden space 506880K, 0% used [0x00000000d5f80000,0x00000000d5f80000,0x00000000f4e80000)
  from space 83968K, 29% used [0x00000000f4e80000,0x00000000f66c0000,0x00000000fa080000)
  to   space 80384K, 0% used [0x00000000fa780000,0x00000000fa780000,0x00000000ff600000)
 ParOldGen       total 176640K, used 157627K [0x0000000081e00000, 0x000000008ca80000, 0x00000000d5f80000)
  object space 176640K, 89% used [0x0000000081e00000,0x000000008b7eeff0,0x000000008ca80000)
 Metaspace       used 12393K, capacity 12787K, committed 12928K, reserved 1060864K
  class space    used 1288K, capacity 1398K, committed 1408K, reserved 1048576K
}
Event: 60.268 GC heap before
{Heap before GC invocations=76 (full 4):
 PSYoungGen      total 590848K, used 531712K [0x00000000d5f80000, 0x00000000ff600000, 0x0000000100000000)
  eden space 506880K, 100% used [0x00000000d5f80000,0x00000000f4e80000,0x00000000f4e80000)
  from space 83968K, 29% used [0x00000000f4e80000,0x00000000f66c0000,0x00000000fa080000)
  to   space 80384K, 0% used [0x00000000fa780000,0x00000000fa780000,0x00000000ff600000)
 ParOldGen       total 176640K, used 157627K [0x0000000081e00000, 0x000000008ca80000, 0x00000000d5f80000)
  object space 176640K, 89% used [0x0000000081e00000,0x000000008b7eeff0,0x000000008ca80000)
 Metaspace       used 12393K, capacity 12787K, committed 12928K, reserved 1060864K
  class space    used 1288K, capacity 1398K, committed 1408K, reserved 1048576K
Event: 60.282 GC heap after
Heap after GC invocations=76 (full 4):
 PSYoungGen      total 601088K, used 25216K [0x00000000d5f80000, 0x00000000ff580000, 0x0000000100000000)
  eden space 521216K, 0% used [0x00000000d5f80000,0x00000000d5f80000,0x00000000f5c80000)
  from space 79872K, 31% used [0x00000000fa780000,0x00000000fc020000,0x00000000ff580000)
  to   space 76800K, 0% used [0x00000000f5c80000,0x00000000f5c80000,0x00000000fa780000)
 ParOldGen       total 176640K, used 157627K [0x0000000081e00000, 0x000000008ca80000, 0x00000000d5f80000)
  object space 176640K, 89% used [0x0000000081e00000,0x000000008b7eeff0,0x000000008ca80000)
 Metaspace       used 12393K, capacity 12787K, committed 12928K, reserved 1060864K
  class space    used 1288K, capacity 1398K, committed 1408K, reserved 1048576K
}
Event: 62.387 GC heap before
{Heap before GC invocations=77 (full 4):
 PSYoungGen      total 601088K, used 546432K [0x00000000d5f80000, 0x00000000ff580000, 0x0000000100000000)
  eden space 521216K, 100% used [0x00000000d5f80000,0x00000000f5c80000,0x00000000f5c80000)
  from space 79872K, 31% used [0x00000000fa780000,0x00000000fc020000,0x00000000ff580000)
  to   space 76800K, 0% used [0x00000000f5c80000,0x00000000f5c80000,0x00000000fa780000)
 ParOldGen       total 176640K, used 157627K [0x0000000081e00000, 0x000000008ca80000, 0x00000000d5f80000)
  object space 176640K, 89% used [0x0000000081e00000,0x000000008b7eeff0,0x000000008ca80000)
 Metaspace       used 12393K, capacity 12787K, committed 12928K, reserved 1060864K
  class space    used 1288K, capacity 1398K, committed 1408K, reserved 1048576K
Event: 62.403 GC heap after
Heap after GC invocations=77 (full 4):
 PSYoungGen      total 598016K, used 25760K [0x00000000d5f80000, 0x00000000ff600000, 0x0000000100000000)
  eden space 521216K, 0% used [0x00000000d5f80000,0x00000000d5f80000,0x00000000f5c80000)
  from space 76800K, 33% used [0x00000000f5c80000,0x00000000f75a8000,0x00000000fa780000)
  to   space 73216K, 0% used [0x00000000fae80000,0x00000000fae80000,0x00000000ff600000)
 ParOldGen       total 176640K, used 157627K [0x0000000081e00000, 0x000000008ca80000, 0x00000000d5f80000)
  object space 176640K, 89% used [0x0000000081e00000,0x000000008b7eeff0,0x000000008ca80000)
 Metaspace       used 12393K, capacity 12787K, committed 12928K, reserved 1060864K
  class space    used 1288K, capacity 1398K, committed 1408K, reserved 1048576K
}
Event: 64.159 GC heap before
{Heap before GC invocations=78 (full 4):
 PSYoungGen      total 598016K, used 546976K [0x00000000d5f80000, 0x00000000ff600000, 0x0000000100000000)
  eden space 521216K, 100% used [0x00000000d5f80000,0x00000000f5c80000,0x00000000f5c80000)
  from space 76800K, 33% used [0x00000000f5c80000,0x00000000f75a8000,0x00000000fa780000)
  to   space 73216K, 0% used [0x00000000fae80000,0x00000000fae80000,0x00000000ff600000)
 ParOldGen       total 176640K, used 157627K [0x0000000081e00000, 0x000000008ca80000, 0x00000000d5f80000)
  object space 176640K, 89% used [0x0000000081e00000,0x000000008b7eeff0,0x000000008ca80000)
 Metaspace       used 12393K, capacity 12787K, committed 12928K, reserved 1060864K
  class space    used 1288K, capacity 1398K, committed 1408K, reserved 1048576K
Event: 64.186 GC heap after
Heap after GC invocations=78 (full 4):
 PSYoungGen      total 608256K, used 26272K [0x00000000d5f80000, 0x00000000ff680000, 0x0000000100000000)
  eden space 535040K, 0% used [0x00000000d5f80000,0x00000000d5f80000,0x00000000f6a00000)
  from space 73216K, 35% used [0x00000000fae80000,0x00000000fc828000,0x00000000ff600000)
  to   space 70144K, 0% used [0x00000000f6a00000,0x00000000f6a00000,0x00000000fae80000)
 ParOldGen       total 176640K, used 157627K [0x0000000081e00000, 0x000000008ca80000, 0x00000000d5f80000)
  object space 176640K, 89% used [0x0000000081e00000,0x000000008b7eeff0,0x000000008ca80000)
 Metaspace       used 12393K, capacity 12787K, committed 12928K, reserved 1060864K
  class space    used 1288K, capacity 1398K, committed 1408K, reserved 1048576K
}

