# JRE version: Java(TM) SE Runtime Environment (8.0_11-b12) (build 1.8.0_11-b12)
# Java VM: Java HotSpot(TM) 64-Bit Server VM (25.11-b03 mixed mode windows-amd64 compressed oops)
Heap:
 PSYoungGen      total 665088K, used 15528K [0x00000000d5f80000, 0x0000000100000000, 0x0000000100000000)
  eden space 642560K, 0% used [0x00000000d5f80000,0x00000000d5fa2d50,0x00000000fd300000)
  from space 22528K, 68% used [0x00000000fea00000,0x00000000ff9072b0,0x0000000100000000)
  to   space 23040K, 0% used [0x00000000fd300000,0x00000000fd300000,0x00000000fe980000)
 ParOldGen       total 151040K, used 128990K [0x0000000081e00000, 0x000000008b180000, 0x00000000d5f80000)
  object space 151040K, 85% used [0x0000000081e00000,0x0000000089bf7b18,0x000000008b180000)
 Metaspace       used 12367K, capacity 12787K, committed 12928K, reserved 1060864K
  class space    used 1286K, capacity 1398K, committed 1408K, reserved 1048576K
GC Heap History (10 events):
Event: 32.585 GC heap before
{Heap before GC invocations=50 (full 2):
 PSYoungGen      total 668160K, used 661756K [0x00000000d5f80000, 0x0000000100000000, 0x0000000100000000)
  eden space 648704K, 100% used [0x00000000d5f80000,0x00000000fd900000,0x00000000fd900000)
  from space 19456K, 67% used [0x00000000fd900000,0x00000000fe5bf2b0,0x00000000fec00000)
  to   space 20480K, 0% used [0x00000000fec00000,0x00000000fec00000,0x0000000100000000)
 ParOldGen       total 151040K, used 128974K [0x0000000081e00000, 0x000000008b180000, 0x00000000d5f80000)
  object space 151040K, 85% used [0x0000000081e00000,0x0000000089bf3b18,0x000000008b180000)
 Metaspace       used 12367K, capacity 12787K, committed 12928K, reserved 1060864K
  class space    used 1286K, capacity 1398K, committed 1408K, reserved 1048576K
Event: 32.593 GC heap after
Heap after GC invocations=50 (full 2):
 PSYoungGen      total 666112K, used 14588K [0x00000000d5f80000, 0x0000000100000000, 0x0000000100000000)
  eden space 645632K, 0% used [0x00000000d5f80000,0x00000000d5f80000,0x00000000fd600000)
  from space 20480K, 71% used [0x00000000fec00000,0x00000000ffa3f2c0,0x0000000100000000)
  to   space 21504K, 0% used [0x00000000fd600000,0x00000000fd600000,0x00000000feb00000)
 ParOldGen       total 151040K, used 128982K [0x0000000081e00000, 0x000000008b180000, 0x00000000d5f80000)
  object space 151040K, 85% used [0x0000000081e00000,0x0000000089bf5b18,0x000000008b180000)
 Metaspace       used 12367K, capacity 12787K, committed 12928K, reserved 1060864K
  class space    used 1286K, capacity 1398K, committed 1408K, reserved 1048576K
}
Event: 35.100 GC heap before
{Heap before GC invocations=51 (full 2):
 PSYoungGen      total 666112K, used 660220K [0x00000000d5f80000, 0x0000000100000000, 0x0000000100000000)
  eden space 645632K, 100% used [0x00000000d5f80000,0x00000000fd600000,0x00000000fd600000)
  from space 20480K, 71% used [0x00000000fec00000,0x00000000ffa3f2c0,0x0000000100000000)
  to   space 21504K, 0% used [0x00000000fd600000,0x00000000fd600000,0x00000000feb00000)
 ParOldGen       total 151040K, used 128982K [0x0000000081e00000, 0x000000008b180000, 0x00000000d5f80000)
  object space 151040K, 85% used [0x0000000081e00000,0x0000000089bf5b18,0x000000008b180000)
 Metaspace       used 12367K, capacity 12787K, committed 12928K, reserved 1060864K
  class space    used 1286K, capacity 1398K, committed 1408K, reserved 1048576K
Event: 35.109 GC heap after
Heap after GC invocations=51 (full 2):
 PSYoungGen      total 658944K, used 13052K [0x00000000d5f80000, 0x0000000100000000, 0x0000000100000000)
  eden space 645632K, 0% used [0x00000000d5f80000,0x00000000d5f80000,0x00000000fd600000)
  from space 13312K, 98% used [0x00000000fd600000,0x00000000fe2bf2a0,0x00000000fe300000)
  to   space 22016K, 0% used [0x00000000fea80000,0x00000000fea80000,0x0000000100000000)
 ParOldGen       total 151040K, used 128990K [0x0000000081e00000, 0x000000008b180000, 0x00000000d5f80000)
  object space 151040K, 85% used [0x0000000081e00000,0x0000000089bf7b18,0x000000008b180000)
 Metaspace       used 12367K, capacity 12787K, committed 12928K, reserved 1060864K
  class space    used 1286K, capacity 1398K, committed 1408K, reserved 1048576K
}
Event: 37.626 GC heap before
{Heap before GC invocations=52 (full 2):
 PSYoungGen      total 658944K, used 658684K [0x00000000d5f80000, 0x0000000100000000, 0x0000000100000000)
  eden space 645632K, 100% used [0x00000000d5f80000,0x00000000fd600000,0x00000000fd600000)
  from space 13312K, 98% used [0x00000000fd600000,0x00000000fe2bf2a0,0x00000000fe300000)
  to   space 22016K, 0% used [0x00000000fea80000,0x00000000fea80000,0x0000000100000000)
 ParOldGen       total 151040K, used 128990K [0x0000000081e00000, 0x000000008b180000, 0x00000000d5f80000)
  object space 151040K, 85% used [0x0000000081e00000,0x0000000089bf7b18,0x000000008b180000)
 Metaspace       used 12367K, capacity 12787K, committed 12928K, reserved 1060864K
  class space    used 1286K, capacity 1398K, committed 1408K, reserved 1048576K
Event: 37.635 GC heap after
Heap after GC invocations=52 (full 2):
 PSYoungGen      total 666624K, used 13532K [0x00000000d5f80000, 0x0000000100000000, 0x0000000100000000)
  eden space 644608K, 0% used [0x00000000d5f80000,0x00000000d5f80000,0x00000000fd500000)
  from space 22016K, 61% used [0x00000000fea80000,0x00000000ff7b72a0,0x0000000100000000)
  to   space 22016K, 0% used [0x00000000fd500000,0x00000000fd500000,0x00000000fea80000)
 ParOldGen       total 151040K, used 128990K [0x0000000081e00000, 0x000000008b180000, 0x00000000d5f80000)
  object space 151040K, 85% used [0x0000000081e00000,0x0000000089bf7b18,0x000000008b180000)
 Metaspace       used 12367K, capacity 12787K, committed 12928K, reserved 1060864K
  class space    used 1286K, capacity 1398K, committed 1408K, reserved 1048576K
}
Event: 40.409 GC heap before
{Heap before GC invocations=53 (full 2):
 PSYoungGen      total 666624K, used 658140K [0x00000000d5f80000, 0x0000000100000000, 0x0000000100000000)
  eden space 644608K, 100% used [0x00000000d5f80000,0x00000000fd500000,0x00000000fd500000)
  from space 22016K, 61% used [0x00000000fea80000,0x00000000ff7b72a0,0x0000000100000000)
  to   space 22016K, 0% used [0x00000000fd500000,0x00000000fd500000,0x00000000fea80000)
 ParOldGen       total 151040K, used 128990K [0x0000000081e00000, 0x000000008b180000, 0x00000000d5f80000)
  object space 151040K, 85% used [0x0000000081e00000,0x0000000089bf7b18,0x000000008b180000)
 Metaspace       used 12367K, capacity 12787K, committed 12928K, reserved 1060864K
  class space    used 1286K, capacity 1398K, committed 1408K, reserved 1048576K
Event: 40.417 GC heap after
Heap after GC invocations=53 (full 2):
 PSYoungGen      total 658944K, used 13980K [0x00000000d5f80000, 0x0000000100000000, 0x0000000100000000)
  eden space 644608K, 0% used [0x00000000d5f80000,0x00000000d5f80000,0x00000000fd500000)
  from space 14336K, 97% used [0x00000000fd500000,0x00000000fe2a72a0,0x00000000fe300000)
  to   space 22528K, 0% used [0x00000000fea00000,0x00000000fea00000,0x0000000100000000)
 ParOldGen       total 151040K, used 128990K [0x0000000081e00000, 0x000000008b180000, 0x00000000d5f80000)
  object space 151040K, 85% used [0x0000000081e00000,0x0000000089bf7b18,0x000000008b180000)
 Metaspace       used 12367K, capacity 12787K, committed 12928K, reserved 1060864K
  class space    used 1286K, capacity 1398K, committed 1408K, reserved 1048576K
}
Event: 42.944 GC heap before
{Heap before GC invocations=54 (full 2):
 PSYoungGen      total 658944K, used 658588K [0x00000000d5f80000, 0x0000000100000000, 0x0000000100000000)
  eden space 644608K, 100% used [0x00000000d5f80000,0x00000000fd500000,0x00000000fd500000)
  from space 14336K, 97% used [0x00000000fd500000,0x00000000fe2a72a0,0x00000000fe300000)
  to   space 22528K, 0% used [0x00000000fea00000,0x00000000fea00000,0x0000000100000000)
 ParOldGen       total 151040K, used 128990K [0x0000000081e00000, 0x000000008b180000, 0x00000000d5f80000)
  object space 151040K, 85% used [0x0000000081e00000,0x0000000089bf7b18,0x000000008b180000)
 Metaspace       used 12367K, capacity 12787K, committed 12928K, reserved 1060864K
  class space    used 1286K, capacity 1398K, committed 1408K, reserved 1048576K
Event: 42.955 GC heap after
Heap after GC invocations=54 (full 2):
 PSYoungGen      total 665088K, used 15388K [0x00000000d5f80000, 0x0000000100000000, 0x0000000100000000)
  eden space 642560K, 0% used [0x00000000d5f80000,0x00000000d5f80000,0x00000000fd300000)
  from space 22528K, 68% used [0x00000000fea00000,0x00000000ff9072b0,0x0000000100000000)
  to   space 23040K, 0% used [0x00000000fd300000,0x00000000fd300000,0x00000000fe980000)
 ParOldGen       total 151040K, used 128990K [0x0000000081e00000, 0x000000008b180000, 0x00000000d5f80000)
  object space 151040K, 85% used [0x0000000081e00000,0x0000000089bf7b18,0x000000008b180000)
 Metaspace       used 12367K, capacity 12787K, committed 12928K, reserved 1060864K
  class space    used 1286K, capacity 1398K, committed 1408K, reserved 1048576K
}

